TITLE : Error_test_1_T3
        (16:15:18 on June 16, 2024, Sunday)

C O N T R O L   I N F O R M A T I O N

      NUMBER OF NODAL POINTS . . . . . . . . . . (NUMNP)  =   205
      NUMBER OF ELEMENT GROUPS . . . . . . . . . (NUMEG)  =     1
      NUMBER OF LOAD CASES . . . . . . . . . . . (NLCASE) =     1
      SOLUTION MODE  . . . . . . . . . . . . . . (MODEX)  =     1
         EQ.0, DATA CHECK
         EQ.1, EXECUTION

 N O D A L   P O I N T   D A T A

    NODE       BOUNDARY                         NODAL POINT
   NUMBER  CONDITION  CODES                     COORDINATES
        1    0    0    1       1.00000e+00    3.50000e-01    0.00000e+00
        2    0    0    1       7.50000e-01    3.50000e-01    0.00000e+00
        3    0    0    1       5.00000e-01    3.50000e-01    0.00000e+00
        4    0    0    1       2.50000e-01    3.50000e-01    0.00000e+00
        5    0    0    1       0.00000e+00    3.50000e-01    0.00000e+00
        6    0    0    1      -2.50000e-01    3.50000e-01    0.00000e+00
        7    0    0    1      -5.00000e-01    3.50000e-01    0.00000e+00
        8    0    0    1      -7.50000e-01    3.50000e-01    0.00000e+00
        9    0    0    1      -1.00000e+00    3.50000e-01    0.00000e+00
       10    0    0    1      -1.25000e+00    3.50000e-01    0.00000e+00
       11    0    0    1      -1.50000e+00    3.50000e-01    0.00000e+00
       12    0    0    1      -1.75000e+00    3.50000e-01    0.00000e+00
       13    0    0    1      -2.00000e+00    3.50000e-01    0.00000e+00
       14    0    0    1      -2.25000e+00    3.50000e-01    0.00000e+00
       15    0    0    1      -2.50000e+00    3.50000e-01    0.00000e+00
       16    0    0    1      -2.75000e+00    3.50000e-01    0.00000e+00
       17    0    0    1      -3.00000e+00    3.50000e-01    0.00000e+00
       18    0    0    1      -3.25000e+00    3.50000e-01    0.00000e+00
       19    0    0    1      -3.50000e+00    3.50000e-01    0.00000e+00
       20    0    0    1      -3.75000e+00    3.50000e-01    0.00000e+00
       21    0    0    1      -4.00000e+00    3.50000e-01    0.00000e+00
       22    0    0    1      -4.25000e+00    3.50000e-01    0.00000e+00
       23    0    0    1      -4.50000e+00    3.50000e-01    0.00000e+00
       24    0    0    1      -4.75000e+00    3.50000e-01    0.00000e+00
       25    0    0    1      -5.00000e+00    3.50000e-01    0.00000e+00
       26    0    0    1      -5.25000e+00    3.50000e-01    0.00000e+00
       27    0    0    1      -5.50000e+00    3.50000e-01    0.00000e+00
       28    0    0    1      -5.75000e+00    3.50000e-01    0.00000e+00
       29    0    0    1      -6.00000e+00    3.50000e-01    0.00000e+00
       30    0    0    1      -6.25000e+00    3.50000e-01    0.00000e+00
       31    0    0    1      -6.50000e+00    3.50000e-01    0.00000e+00
       32    0    0    1      -6.75000e+00    3.50000e-01    0.00000e+00
       33    0    0    1      -7.00000e+00    3.50000e-01    0.00000e+00
       34    0    0    1      -7.25000e+00    3.50000e-01    0.00000e+00
       35    0    0    1      -7.50000e+00    3.50000e-01    0.00000e+00
       36    0    0    1      -7.75000e+00    3.50000e-01    0.00000e+00
       37    0    0    1      -8.00000e+00    3.50000e-01    0.00000e+00
       38    0    0    1      -8.25000e+00    3.50000e-01    0.00000e+00
       39    0    0    1      -8.50000e+00    3.50000e-01    0.00000e+00
       40    0    0    1      -8.75000e+00    3.50000e-01    0.00000e+00
       41    1    0    1      -9.00000e+00    3.50000e-01    0.00000e+00
       42    0    0    1       1.00000e+00    1.00000e-01    0.00000e+00
       43    0    0    1       7.50000e-01    1.00000e-01    0.00000e+00
       44    0    0    1       5.00000e-01    1.00000e-01    0.00000e+00
       45    0    0    1       2.50000e-01    1.00000e-01    0.00000e+00
       46    0    0    1       0.00000e+00    1.00000e-01    0.00000e+00
       47    0    0    1      -2.50000e-01    1.00000e-01    0.00000e+00
       48    0    0    1      -5.00000e-01    1.00000e-01    0.00000e+00
       49    0    0    1      -7.50000e-01    1.00000e-01    0.00000e+00
       50    0    0    1      -1.00000e+00    1.00000e-01    0.00000e+00
       51    0    0    1      -1.25000e+00    1.00000e-01    0.00000e+00
       52    0    0    1      -1.50000e+00    1.00000e-01    0.00000e+00
       53    0    0    1      -1.75000e+00    1.00000e-01    0.00000e+00
       54    0    0    1      -2.00000e+00    1.00000e-01    0.00000e+00
       55    0    0    1      -2.25000e+00    1.00000e-01    0.00000e+00
       56    0    0    1      -2.50000e+00    1.00000e-01    0.00000e+00
       57    0    0    1      -2.75000e+00    1.00000e-01    0.00000e+00
       58    0    0    1      -3.00000e+00    1.00000e-01    0.00000e+00
       59    0    0    1      -3.25000e+00    1.00000e-01    0.00000e+00
       60    0    0    1      -3.50000e+00    1.00000e-01    0.00000e+00
       61    0    0    1      -3.75000e+00    1.00000e-01    0.00000e+00
       62    0    0    1      -4.00000e+00    1.00000e-01    0.00000e+00
       63    0    0    1      -4.25000e+00    1.00000e-01    0.00000e+00
       64    0    0    1      -4.50000e+00    1.00000e-01    0.00000e+00
       65    0    0    1      -4.75000e+00    1.00000e-01    0.00000e+00
       66    0    0    1      -5.00000e+00    1.00000e-01    0.00000e+00
       67    0    0    1      -5.25000e+00    1.00000e-01    0.00000e+00
       68    0    0    1      -5.50000e+00    1.00000e-01    0.00000e+00
       69    0    0    1      -5.75000e+00    1.00000e-01    0.00000e+00
       70    0    0    1      -6.00000e+00    1.00000e-01    0.00000e+00
       71    0    0    1      -6.25000e+00    1.00000e-01    0.00000e+00
       72    0    0    1      -6.50000e+00    1.00000e-01    0.00000e+00
       73    0    0    1      -6.75000e+00    1.00000e-01    0.00000e+00
       74    0    0    1      -7.00000e+00    1.00000e-01    0.00000e+00
       75    0    0    1      -7.25000e+00    1.00000e-01    0.00000e+00
       76    0    0    1      -7.50000e+00    1.00000e-01    0.00000e+00
       77    0    0    1      -7.75000e+00    1.00000e-01    0.00000e+00
       78    0    0    1      -8.00000e+00    1.00000e-01    0.00000e+00
       79    0    0    1      -8.25000e+00    1.00000e-01    0.00000e+00
       80    0    0    1      -8.50000e+00    1.00000e-01    0.00000e+00
       81    0    0    1      -8.75000e+00    1.00000e-01    0.00000e+00
       82    1    0    1      -9.00000e+00    1.00000e-01    0.00000e+00
       83    0    0    1       1.00000e+00   -1.50000e-01    0.00000e+00
       84    0    0    1       7.50000e-01   -1.50000e-01    0.00000e+00
       85    0    0    1       5.00000e-01   -1.50000e-01    0.00000e+00
       86    0    0    1       2.50000e-01   -1.50000e-01    0.00000e+00
       87    0    0    1       0.00000e+00   -1.50000e-01    0.00000e+00
       88    0    0    1      -2.50000e-01   -1.50000e-01    0.00000e+00
       89    0    0    1      -5.00000e-01   -1.50000e-01    0.00000e+00
       90    0    0    1      -7.50000e-01   -1.50000e-01    0.00000e+00
       91    0    0    1      -1.00000e+00   -1.50000e-01    0.00000e+00
       92    0    0    1      -1.25000e+00   -1.50000e-01    0.00000e+00
       93    0    0    1      -1.50000e+00   -1.50000e-01    0.00000e+00
       94    0    0    1      -1.75000e+00   -1.50000e-01    0.00000e+00
       95    0    0    1      -2.00000e+00   -1.50000e-01    0.00000e+00
       96    0    0    1      -2.25000e+00   -1.50000e-01    0.00000e+00
       97    0    0    1      -2.50000e+00   -1.50000e-01    0.00000e+00
       98    0    0    1      -2.75000e+00   -1.50000e-01    0.00000e+00
       99    0    0    1      -3.00000e+00   -1.50000e-01    0.00000e+00
      100    0    0    1      -3.25000e+00   -1.50000e-01    0.00000e+00
      101    0    0    1      -3.50000e+00   -1.50000e-01    0.00000e+00
      102    0    0    1      -3.75000e+00   -1.50000e-01    0.00000e+00
      103    0    0    1      -4.00000e+00   -1.50000e-01    0.00000e+00
      104    0    0    1      -4.25000e+00   -1.50000e-01    0.00000e+00
      105    0    0    1      -4.50000e+00   -1.50000e-01    0.00000e+00
      106    0    0    1      -4.75000e+00   -1.50000e-01    0.00000e+00
      107    0    0    1      -5.00000e+00   -1.50000e-01    0.00000e+00
      108    0    0    1      -5.25000e+00   -1.50000e-01    0.00000e+00
      109    0    0    1      -5.50000e+00   -1.50000e-01    0.00000e+00
      110    0    0    1      -5.75000e+00   -1.50000e-01    0.00000e+00
      111    0    0    1      -6.00000e+00   -1.50000e-01    0.00000e+00
      112    0    0    1      -6.25000e+00   -1.50000e-01    0.00000e+00
      113    0    0    1      -6.50000e+00   -1.50000e-01    0.00000e+00
      114    0    0    1      -6.75000e+00   -1.50000e-01    0.00000e+00
      115    0    0    1      -7.00000e+00   -1.50000e-01    0.00000e+00
      116    0    0    1      -7.25000e+00   -1.50000e-01    0.00000e+00
      117    0    0    1      -7.50000e+00   -1.50000e-01    0.00000e+00
      118    0    0    1      -7.75000e+00   -1.50000e-01    0.00000e+00
      119    0    0    1      -8.00000e+00   -1.50000e-01    0.00000e+00
      120    0    0    1      -8.25000e+00   -1.50000e-01    0.00000e+00
      121    0    0    1      -8.50000e+00   -1.50000e-01    0.00000e+00
      122    0    0    1      -8.75000e+00   -1.50000e-01    0.00000e+00
      123    1    1    1      -9.00000e+00   -1.50000e-01    0.00000e+00
      124    0    0    1       1.00000e+00   -4.00000e-01    0.00000e+00
      125    0    0    1       7.50000e-01   -4.00000e-01    0.00000e+00
      126    0    0    1       5.00000e-01   -4.00000e-01    0.00000e+00
      127    0    0    1       2.50000e-01   -4.00000e-01    0.00000e+00
      128    0    0    1       0.00000e+00   -4.00000e-01    0.00000e+00
      129    0    0    1      -2.50000e-01   -4.00000e-01    0.00000e+00
      130    0    0    1      -5.00000e-01   -4.00000e-01    0.00000e+00
      131    0    0    1      -7.50000e-01   -4.00000e-01    0.00000e+00
      132    0    0    1      -1.00000e+00   -4.00000e-01    0.00000e+00
      133    0    0    1      -1.25000e+00   -4.00000e-01    0.00000e+00
      134    0    0    1      -1.50000e+00   -4.00000e-01    0.00000e+00
      135    0    0    1      -1.75000e+00   -4.00000e-01    0.00000e+00
      136    0    0    1      -2.00000e+00   -4.00000e-01    0.00000e+00
      137    0    0    1      -2.25000e+00   -4.00000e-01    0.00000e+00
      138    0    0    1      -2.50000e+00   -4.00000e-01    0.00000e+00
      139    0    0    1      -2.75000e+00   -4.00000e-01    0.00000e+00
      140    0    0    1      -3.00000e+00   -4.00000e-01    0.00000e+00
      141    0    0    1      -3.25000e+00   -4.00000e-01    0.00000e+00
      142    0    0    1      -3.50000e+00   -4.00000e-01    0.00000e+00
      143    0    0    1      -3.75000e+00   -4.00000e-01    0.00000e+00
      144    0    0    1      -4.00000e+00   -4.00000e-01    0.00000e+00
      145    0    0    1      -4.25000e+00   -4.00000e-01    0.00000e+00
      146    0    0    1      -4.50000e+00   -4.00000e-01    0.00000e+00
      147    0    0    1      -4.75000e+00   -4.00000e-01    0.00000e+00
      148    0    0    1      -5.00000e+00   -4.00000e-01    0.00000e+00
      149    0    0    1      -5.25000e+00   -4.00000e-01    0.00000e+00
      150    0    0    1      -5.50000e+00   -4.00000e-01    0.00000e+00
      151    0    0    1      -5.75000e+00   -4.00000e-01    0.00000e+00
      152    0    0    1      -6.00000e+00   -4.00000e-01    0.00000e+00
      153    0    0    1      -6.25000e+00   -4.00000e-01    0.00000e+00
      154    0    0    1      -6.50000e+00   -4.00000e-01    0.00000e+00
      155    0    0    1      -6.75000e+00   -4.00000e-01    0.00000e+00
      156    0    0    1      -7.00000e+00   -4.00000e-01    0.00000e+00
      157    0    0    1      -7.25000e+00   -4.00000e-01    0.00000e+00
      158    0    0    1      -7.50000e+00   -4.00000e-01    0.00000e+00
      159    0    0    1      -7.75000e+00   -4.00000e-01    0.00000e+00
      160    0    0    1      -8.00000e+00   -4.00000e-01    0.00000e+00
      161    0    0    1      -8.25000e+00   -4.00000e-01    0.00000e+00
      162    0    0    1      -8.50000e+00   -4.00000e-01    0.00000e+00
      163    0    0    1      -8.75000e+00   -4.00000e-01    0.00000e+00
      164    1    0    1      -9.00000e+00   -4.00000e-01    0.00000e+00
      165    0    0    1       1.00000e+00   -6.50000e-01    0.00000e+00
      166    0    0    1       7.50000e-01   -6.50000e-01    0.00000e+00
      167    0    0    1       5.00000e-01   -6.50000e-01    0.00000e+00
      168    0    0    1       2.50000e-01   -6.50000e-01    0.00000e+00
      169    0    0    1       0.00000e+00   -6.50000e-01    0.00000e+00
      170    0    0    1      -2.50000e-01   -6.50000e-01    0.00000e+00
      171    0    0    1      -5.00000e-01   -6.50000e-01    0.00000e+00
      172    0    0    1      -7.50000e-01   -6.50000e-01    0.00000e+00
      173    0    0    1      -1.00000e+00   -6.50000e-01    0.00000e+00
      174    0    0    1      -1.25000e+00   -6.50000e-01    0.00000e+00
      175    0    0    1      -1.50000e+00   -6.50000e-01    0.00000e+00
      176    0    0    1      -1.75000e+00   -6.50000e-01    0.00000e+00
      177    0    0    1      -2.00000e+00   -6.50000e-01    0.00000e+00
      178    0    0    1      -2.25000e+00   -6.50000e-01    0.00000e+00
      179    0    0    1      -2.50000e+00   -6.50000e-01    0.00000e+00
      180    0    0    1      -2.75000e+00   -6.50000e-01    0.00000e+00
      181    0    0    1      -3.00000e+00   -6.50000e-01    0.00000e+00
      182    0    0    1      -3.25000e+00   -6.50000e-01    0.00000e+00
      183    0    0    1      -3.50000e+00   -6.50000e-01    0.00000e+00
      184    0    0    1      -3.75000e+00   -6.50000e-01    0.00000e+00
      185    0    0    1      -4.00000e+00   -6.50000e-01    0.00000e+00
      186    0    0    1      -4.25000e+00   -6.50000e-01    0.00000e+00
      187    0    0    1      -4.50000e+00   -6.50000e-01    0.00000e+00
      188    0    0    1      -4.75000e+00   -6.50000e-01    0.00000e+00
      189    0    0    1      -5.00000e+00   -6.50000e-01    0.00000e+00
      190    0    0    1      -5.25000e+00   -6.50000e-01    0.00000e+00
      191    0    0    1      -5.50000e+00   -6.50000e-01    0.00000e+00
      192    0    0    1      -5.75000e+00   -6.50000e-01    0.00000e+00
      193    0    0    1      -6.00000e+00   -6.50000e-01    0.00000e+00
      194    0    0    1      -6.25000e+00   -6.50000e-01    0.00000e+00
      195    0    0    1      -6.50000e+00   -6.50000e-01    0.00000e+00
      196    0    0    1      -6.75000e+00   -6.50000e-01    0.00000e+00
      197    0    0    1      -7.00000e+00   -6.50000e-01    0.00000e+00
      198    0    0    1      -7.25000e+00   -6.50000e-01    0.00000e+00
      199    0    0    1      -7.50000e+00   -6.50000e-01    0.00000e+00
      200    0    0    1      -7.75000e+00   -6.50000e-01    0.00000e+00
      201    0    0    1      -8.00000e+00   -6.50000e-01    0.00000e+00
      202    0    0    1      -8.25000e+00   -6.50000e-01    0.00000e+00
      203    0    0    1      -8.50000e+00   -6.50000e-01    0.00000e+00
      204    0    0    1      -8.75000e+00   -6.50000e-01    0.00000e+00
      205    1    0    1      -9.00000e+00   -6.50000e-01    0.00000e+00

 L O A D   C A S E   D A T A

     LOAD CASE NUMBER . . . . . . . =     1
     NUMBER OF CONCENTRATED LOADS . =     0
     NUMBER OF NATURAL BC . =     4

    NODE          DIRECTION         LOAD            ELEMENT
   NUMBER                         MAGNITUDE         NUMBER
  41    82      2       -1.00000e+00 -1.00000e+00      319
  82   123      2       -1.00000e+00 -1.00000e+00      319
 123   164      2       -1.00000e+00 -1.00000e+00      319
 164   205      2       -1.00000e+00 -1.00000e+00      319

 E L E M E N T   G R O U P   D A T A


 E L E M E N T   D E F I N I T I O N

 ELEMENT TYPE  . . . . . . . . . . . . .( NPAR(1) ) . . =    3
     EQ.1, TRUSS ELEMENTS
     EQ.2, Q4 ELEMENTS
     EQ.3, T3 ELEMENTS
     EQ.4, H8 ELEMENTS
     EQ.4, Tet4 ELEMENTS

 NUMBER OF ELEMENTS. . . . . . . . . . .( NPAR(2) ) . . =  320

 M A T E R I A L   D E F I N I T I O N

 NUMBER OF DIFFERENT SETS OF MATERIAL
 AND CROSS-SECTIONAL  CONSTANTS  . . . .( NPAR(3) ) . . =    1

  SET       YOUNG'S         POISSON          THICK            PLANE
 NUMBER     MODULUS          RATIO           -NESS           STRESS
               E               MU              T              FLAG
    1     1.00000e+03     3.00000e-01     1.00000e+00           0


 E L E M E N T   I N F O R M A T I O N
 ELEMENT     NODE     NODE     NODE       MATERIAL
 NUMBER-N      A        B        C        SET NUMBER
    1          1        2       43           1
    2         43       42        1           1
    3          2        3       44           1
    4         44       43        2           1
    5          3        4       45           1
    6         45       44        3           1
    7          4        5       46           1
    8         46       45        4           1
    9          5        6       47           1
   10         47       46        5           1
   11          6        7       48           1
   12         48       47        6           1
   13          7        8       49           1
   14         49       48        7           1
   15          8        9       50           1
   16         50       49        8           1
   17          9       10       51           1
   18         51       50        9           1
   19         10       11       52           1
   20         52       51       10           1
   21         11       12       53           1
   22         53       52       11           1
   23         12       13       54           1
   24         54       53       12           1
   25         13       14       55           1
   26         55       54       13           1
   27         14       15       56           1
   28         56       55       14           1
   29         15       16       57           1
   30         57       56       15           1
   31         16       17       58           1
   32         58       57       16           1
   33         17       18       59           1
   34         59       58       17           1
   35         18       19       60           1
   36         60       59       18           1
   37         19       20       61           1
   38         61       60       19           1
   39         20       21       62           1
   40         62       61       20           1
   41         21       22       63           1
   42         63       62       21           1
   43         22       23       64           1
   44         64       63       22           1
   45         23       24       65           1
   46         65       64       23           1
   47         24       25       66           1
   48         66       65       24           1
   49         25       26       67           1
   50         67       66       25           1
   51         26       27       68           1
   52         68       67       26           1
   53         27       28       69           1
   54         69       68       27           1
   55         28       29       70           1
   56         70       69       28           1
   57         29       30       71           1
   58         71       70       29           1
   59         30       31       72           1
   60         72       71       30           1
   61         31       32       73           1
   62         73       72       31           1
   63         32       33       74           1
   64         74       73       32           1
   65         33       34       75           1
   66         75       74       33           1
   67         34       35       76           1
   68         76       75       34           1
   69         35       36       77           1
   70         77       76       35           1
   71         36       37       78           1
   72         78       77       36           1
   73         37       38       79           1
   74         79       78       37           1
   75         38       39       80           1
   76         80       79       38           1
   77         39       40       81           1
   78         81       80       39           1
   79         40       41       82           1
   80         82       81       40           1
   81         42       43       84           1
   82         84       83       42           1
   83         43       44       85           1
   84         85       84       43           1
   85         44       45       86           1
   86         86       85       44           1
   87         45       46       87           1
   88         87       86       45           1
   89         46       47       88           1
   90         88       87       46           1
   91         47       48       89           1
   92         89       88       47           1
   93         48       49       90           1
   94         90       89       48           1
   95         49       50       91           1
   96         91       90       49           1
   97         50       51       92           1
   98         92       91       50           1
   99         51       52       93           1
  100         93       92       51           1
  101         52       53       94           1
  102         94       93       52           1
  103         53       54       95           1
  104         95       94       53           1
  105         54       55       96           1
  106         96       95       54           1
  107         55       56       97           1
  108         97       96       55           1
  109         56       57       98           1
  110         98       97       56           1
  111         57       58       99           1
  112         99       98       57           1
  113         58       59      100           1
  114        100       99       58           1
  115         59       60      101           1
  116        101      100       59           1
  117         60       61      102           1
  118        102      101       60           1
  119         61       62      103           1
  120        103      102       61           1
  121         62       63      104           1
  122        104      103       62           1
  123         63       64      105           1
  124        105      104       63           1
  125         64       65      106           1
  126        106      105       64           1
  127         65       66      107           1
  128        107      106       65           1
  129         66       67      108           1
  130        108      107       66           1
  131         67       68      109           1
  132        109      108       67           1
  133         68       69      110           1
  134        110      109       68           1
  135         69       70      111           1
  136        111      110       69           1
  137         70       71      112           1
  138        112      111       70           1
  139         71       72      113           1
  140        113      112       71           1
  141         72       73      114           1
  142        114      113       72           1
  143         73       74      115           1
  144        115      114       73           1
  145         74       75      116           1
  146        116      115       74           1
  147         75       76      117           1
  148        117      116       75           1
  149         76       77      118           1
  150        118      117       76           1
  151         77       78      119           1
  152        119      118       77           1
  153         78       79      120           1
  154        120      119       78           1
  155         79       80      121           1
  156        121      120       79           1
  157         80       81      122           1
  158        122      121       80           1
  159         81       82      123           1
  160        123      122       81           1
  161         83       84      125           1
  162        125      124       83           1
  163         84       85      126           1
  164        126      125       84           1
  165         85       86      127           1
  166        127      126       85           1
  167         86       87      128           1
  168        128      127       86           1
  169         87       88      129           1
  170        129      128       87           1
  171         88       89      130           1
  172        130      129       88           1
  173         89       90      131           1
  174        131      130       89           1
  175         90       91      132           1
  176        132      131       90           1
  177         91       92      133           1
  178        133      132       91           1
  179         92       93      134           1
  180        134      133       92           1
  181         93       94      135           1
  182        135      134       93           1
  183         94       95      136           1
  184        136      135       94           1
  185         95       96      137           1
  186        137      136       95           1
  187         96       97      138           1
  188        138      137       96           1
  189         97       98      139           1
  190        139      138       97           1
  191         98       99      140           1
  192        140      139       98           1
  193         99      100      141           1
  194        141      140       99           1
  195        100      101      142           1
  196        142      141      100           1
  197        101      102      143           1
  198        143      142      101           1
  199        102      103      144           1
  200        144      143      102           1
  201        103      104      145           1
  202        145      144      103           1
  203        104      105      146           1
  204        146      145      104           1
  205        105      106      147           1
  206        147      146      105           1
  207        106      107      148           1
  208        148      147      106           1
  209        107      108      149           1
  210        149      148      107           1
  211        108      109      150           1
  212        150      149      108           1
  213        109      110      151           1
  214        151      150      109           1
  215        110      111      152           1
  216        152      151      110           1
  217        111      112      153           1
  218        153      152      111           1
  219        112      113      154           1
  220        154      153      112           1
  221        113      114      155           1
  222        155      154      113           1
  223        114      115      156           1
  224        156      155      114           1
  225        115      116      157           1
  226        157      156      115           1
  227        116      117      158           1
  228        158      157      116           1
  229        117      118      159           1
  230        159      158      117           1
  231        118      119      160           1
  232        160      159      118           1
  233        119      120      161           1
  234        161      160      119           1
  235        120      121      162           1
  236        162      161      120           1
  237        121      122      163           1
  238        163      162      121           1
  239        122      123      164           1
  240        164      163      122           1
  241        124      125      166           1
  242        166      165      124           1
  243        125      126      167           1
  244        167      166      125           1
  245        126      127      168           1
  246        168      167      126           1
  247        127      128      169           1
  248        169      168      127           1
  249        128      129      170           1
  250        170      169      128           1
  251        129      130      171           1
  252        171      170      129           1
  253        130      131      172           1
  254        172      171      130           1
  255        131      132      173           1
  256        173      172      131           1
  257        132      133      174           1
  258        174      173      132           1
  259        133      134      175           1
  260        175      174      133           1
  261        134      135      176           1
  262        176      175      134           1
  263        135      136      177           1
  264        177      176      135           1
  265        136      137      178           1
  266        178      177      136           1
  267        137      138      179           1
  268        179      178      137           1
  269        138      139      180           1
  270        180      179      138           1
  271        139      140      181           1
  272        181      180      139           1
  273        140      141      182           1
  274        182      181      140           1
  275        141      142      183           1
  276        183      182      141           1
  277        142      143      184           1
  278        184      183      142           1
  279        143      144      185           1
  280        185      184      143           1
  281        144      145      186           1
  282        186      185      144           1
  283        145      146      187           1
  284        187      186      145           1
  285        146      147      188           1
  286        188      187      146           1
  287        147      148      189           1
  288        189      188      147           1
  289        148      149      190           1
  290        190      189      148           1
  291        149      150      191           1
  292        191      190      149           1
  293        150      151      192           1
  294        192      191      150           1
  295        151      152      193           1
  296        193      192      151           1
  297        152      153      194           1
  298        194      193      152           1
  299        153      154      195           1
  300        195      194      153           1
  301        154      155      196           1
  302        196      195      154           1
  303        155      156      197           1
  304        197      196      155           1
  305        156      157      198           1
  306        198      197      156           1
  307        157      158      199           1
  308        199      198      157           1
  309        158      159      200           1
  310        200      199      158           1
  311        159      160      201           1
  312        201      200      159           1
  313        160      161      202           1
  314        202      201      160           1
  315        161      162      203           1
  316        203      202      161           1
  317        162      163      204           1
  318        204      203      162           1
  319        163      164      205           1
  320        205      204      163           1

 EQUATION NUMBERS

   NODE NUMBER   DEGREES OF FREEDOM
        N           X    Y    Z
        1           1    2    0
        2           3    4    0
        3           5    6    0
        4           7    8    0
        5           9   10    0
        6          11   12    0
        7          13   14    0
        8          15   16    0
        9          17   18    0
       10          19   20    0
       11          21   22    0
       12          23   24    0
       13          25   26    0
       14          27   28    0
       15          29   30    0
       16          31   32    0
       17          33   34    0
       18          35   36    0
       19          37   38    0
       20          39   40    0
       21          41   42    0
       22          43   44    0
       23          45   46    0
       24          47   48    0
       25          49   50    0
       26          51   52    0
       27          53   54    0
       28          55   56    0
       29          57   58    0
       30          59   60    0
       31          61   62    0
       32          63   64    0
       33          65   66    0
       34          67   68    0
       35          69   70    0
       36          71   72    0
       37          73   74    0
       38          75   76    0
       39          77   78    0
       40          79   80    0
       41           0   81    0
       42          82   83    0
       43          84   85    0
       44          86   87    0
       45          88   89    0
       46          90   91    0
       47          92   93    0
       48          94   95    0
       49          96   97    0
       50          98   99    0
       51         100  101    0
       52         102  103    0
       53         104  105    0
       54         106  107    0
       55         108  109    0
       56         110  111    0
       57         112  113    0
       58         114  115    0
       59         116  117    0
       60         118  119    0
       61         120  121    0
       62         122  123    0
       63         124  125    0
       64         126  127    0
       65         128  129    0
       66         130  131    0
       67         132  133    0
       68         134  135    0
       69         136  137    0
       70         138  139    0
       71         140  141    0
       72         142  143    0
       73         144  145    0
       74         146  147    0
       75         148  149    0
       76         150  151    0
       77         152  153    0
       78         154  155    0
       79         156  157    0
       80         158  159    0
       81         160  161    0
       82           0  162    0
       83         163  164    0
       84         165  166    0
       85         167  168    0
       86         169  170    0
       87         171  172    0
       88         173  174    0
       89         175  176    0
       90         177  178    0
       91         179  180    0
       92         181  182    0
       93         183  184    0
       94         185  186    0
       95         187  188    0
       96         189  190    0
       97         191  192    0
       98         193  194    0
       99         195  196    0
      100         197  198    0
      101         199  200    0
      102         201  202    0
      103         203  204    0
      104         205  206    0
      105         207  208    0
      106         209  210    0
      107         211  212    0
      108         213  214    0
      109         215  216    0
      110         217  218    0
      111         219  220    0
      112         221  222    0
      113         223  224    0
      114         225  226    0
      115         227  228    0
      116         229  230    0
      117         231  232    0
      118         233  234    0
      119         235  236    0
      120         237  238    0
      121         239  240    0
      122         241  242    0
      123           0    0    0
      124         243  244    0
      125         245  246    0
      126         247  248    0
      127         249  250    0
      128         251  252    0
      129         253  254    0
      130         255  256    0
      131         257  258    0
      132         259  260    0
      133         261  262    0
      134         263  264    0
      135         265  266    0
      136         267  268    0
      137         269  270    0
      138         271  272    0
      139         273  274    0
      140         275  276    0
      141         277  278    0
      142         279  280    0
      143         281  282    0
      144         283  284    0
      145         285  286    0
      146         287  288    0
      147         289  290    0
      148         291  292    0
      149         293  294    0
      150         295  296    0
      151         297  298    0
      152         299  300    0
      153         301  302    0
      154         303  304    0
      155         305  306    0
      156         307  308    0
      157         309  310    0
      158         311  312    0
      159         313  314    0
      160         315  316    0
      161         317  318    0
      162         319  320    0
      163         321  322    0
      164           0  323    0
      165         324  325    0
      166         326  327    0
      167         328  329    0
      168         330  331    0
      169         332  333    0
      170         334  335    0
      171         336  337    0
      172         338  339    0
      173         340  341    0
      174         342  343    0
      175         344  345    0
      176         346  347    0
      177         348  349    0
      178         350  351    0
      179         352  353    0
      180         354  355    0
      181         356  357    0
      182         358  359    0
      183         360  361    0
      184         362  363    0
      185         364  365    0
      186         366  367    0
      187         368  369    0
      188         370  371    0
      189         372  373    0
      190         374  375    0
      191         376  377    0
      192         378  379    0
      193         380  381    0
      194         382  383    0
      195         384  385    0
      196         386  387    0
      197         388  389    0
      198         390  391    0
      199         392  393    0
      200         394  395    0
      201         396  397    0
      202         398  399    0
      203         400  401    0
      204         402  403    0
      205           0  404    0

	TOTAL SYSTEM DATA

     NUMBER OF EQUATIONS . . . . . . . . . . . . . .(NEQ) = 404
     NUMBER OF MATRIX ELEMENTS . . . . . . . . . . .(NWK) = 27474
     MAXIMUM HALF BANDWIDTH  . . . . . . . . . . . .(MK ) = 85
     MEAN HALF BANDWIDTH . . . . . . . . . . . . . .(MM ) = 68


 LOAD CASE    1


 D I S P L A C E M E N T S

  NODE           X-DISPLACEMENT    Y-DISPLACEMENT    Z-DISPLACEMENT
    1               6.81367e-05      -1.78880e-03       0.00000e+00
    2               6.81367e-05      -1.75473e-03       0.00000e+00
    3               6.81367e-05      -1.72066e-03       0.00000e+00
    4               6.81367e-05      -1.68659e-03       0.00000e+00
    5               6.81367e-05      -1.65252e-03       0.00000e+00
    6               6.81367e-05      -1.61846e-03       0.00000e+00
    7               6.81367e-05      -1.58439e-03       0.00000e+00
    8               6.81367e-05      -1.55032e-03       0.00000e+00
    9               6.81367e-05      -1.51625e-03       0.00000e+00
   10               6.81367e-05      -1.48218e-03       0.00000e+00
   11               6.81367e-05      -1.44811e-03       0.00000e+00
   12               6.81367e-05      -1.41405e-03       0.00000e+00
   13               6.81367e-05      -1.37998e-03       0.00000e+00
   14               6.81367e-05      -1.34591e-03       0.00000e+00
   15               6.81367e-05      -1.31184e-03       0.00000e+00
   16               6.81367e-05      -1.27777e-03       0.00000e+00
   17               6.81367e-05      -1.24370e-03       0.00000e+00
   18               6.81367e-05      -1.20964e-03       0.00000e+00
   19               6.81367e-05      -1.17557e-03       0.00000e+00
   20               6.81367e-05      -1.14150e-03       0.00000e+00
   21               6.81367e-05      -1.10743e-03       0.00000e+00
   22               6.81367e-05      -1.07336e-03       0.00000e+00
   23               6.81368e-05      -1.03929e-03       0.00000e+00
   24               6.81368e-05      -1.00523e-03       0.00000e+00
   25               6.81368e-05      -9.71157e-04       0.00000e+00
   26               6.81368e-05      -9.37088e-04       0.00000e+00
   27               6.81366e-05      -9.03019e-04       0.00000e+00
   28               6.81357e-05      -8.68949e-04       0.00000e+00
   29               6.81329e-05      -8.34878e-04       0.00000e+00
   30               6.81252e-05      -8.00808e-04       0.00000e+00
   31               6.81063e-05      -7.66742e-04       0.00000e+00
   32               6.80645e-05      -7.32701e-04       0.00000e+00
   33               6.79839e-05      -6.98733e-04       0.00000e+00
   34               6.78571e-05      -6.64953e-04       0.00000e+00
   35               6.77360e-05      -6.31573e-04       0.00000e+00
   36               6.78680e-05      -5.98846e-04       0.00000e+00
   37               6.89422e-05      -5.66682e-04       0.00000e+00
   38               7.20253e-05      -5.33898e-04       0.00000e+00
   39               7.46331e-05      -5.02501e-04       0.00000e+00
   40               4.60678e-05      -5.30036e-04       0.00000e+00
   41               0.00000e+00      -7.43642e-04       0.00000e+00
   42               3.40684e-05      -1.78880e-03       0.00000e+00
   43               3.40684e-05      -1.75473e-03       0.00000e+00
   44               3.40684e-05      -1.72066e-03       0.00000e+00
   45               3.40684e-05      -1.68659e-03       0.00000e+00
   46               3.40684e-05      -1.65252e-03       0.00000e+00
   47               3.40684e-05      -1.61846e-03       0.00000e+00
   48               3.40684e-05      -1.58439e-03       0.00000e+00
   49               3.40684e-05      -1.55032e-03       0.00000e+00
   50               3.40684e-05      -1.51625e-03       0.00000e+00
   51               3.40684e-05      -1.48218e-03       0.00000e+00
   52               3.40684e-05      -1.44811e-03       0.00000e+00
   53               3.40684e-05      -1.41405e-03       0.00000e+00
   54               3.40684e-05      -1.37998e-03       0.00000e+00
   55               3.40684e-05      -1.34591e-03       0.00000e+00
   56               3.40684e-05      -1.31184e-03       0.00000e+00
   57               3.40684e-05      -1.27777e-03       0.00000e+00
   58               3.40684e-05      -1.24370e-03       0.00000e+00
   59               3.40684e-05      -1.20964e-03       0.00000e+00
   60               3.40684e-05      -1.17557e-03       0.00000e+00
   61               3.40684e-05      -1.14150e-03       0.00000e+00
   62               3.40684e-05      -1.10743e-03       0.00000e+00
   63               3.40684e-05      -1.07336e-03       0.00000e+00
   64               3.40684e-05      -1.03929e-03       0.00000e+00
   65               3.40684e-05      -1.00523e-03       0.00000e+00
   66               3.40684e-05      -9.71157e-04       0.00000e+00
   67               3.40684e-05      -9.37088e-04       0.00000e+00
   68               3.40687e-05      -9.03020e-04       0.00000e+00
   69               3.40695e-05      -8.68950e-04       0.00000e+00
   70               3.40716e-05      -8.34881e-04       0.00000e+00
   71               3.40769e-05      -8.00813e-04       0.00000e+00
   72               3.40893e-05      -7.66752e-04       0.00000e+00
   73               3.41166e-05      -7.32714e-04       0.00000e+00
   74               3.41736e-05      -6.98748e-04       0.00000e+00
   75               3.42897e-05      -6.64965e-04       0.00000e+00
   76               3.45347e-05      -6.31607e-04       0.00000e+00
   77               3.51177e-05      -5.99110e-04       0.00000e+00
   78               3.67528e-05      -5.68068e-04       0.00000e+00
   79               4.18477e-05      -5.38681e-04       0.00000e+00
   80               5.72939e-05      -5.08613e-04       0.00000e+00
   81               9.12463e-05      -4.71596e-04       0.00000e+00
   82               0.00000e+00      -5.77083e-04       0.00000e+00
   83               2.45585e-12      -1.78880e-03       0.00000e+00
   84               2.45585e-12      -1.75473e-03       0.00000e+00
   85               2.45585e-12      -1.72066e-03       0.00000e+00
   86               2.45585e-12      -1.68659e-03       0.00000e+00
   87               2.45585e-12      -1.65252e-03       0.00000e+00
   88               2.45585e-12      -1.61846e-03       0.00000e+00
   89               2.45585e-12      -1.58439e-03       0.00000e+00
   90               2.45586e-12      -1.55032e-03       0.00000e+00
   91               2.45588e-12      -1.51625e-03       0.00000e+00
   92               2.45596e-12      -1.48218e-03       0.00000e+00
   93               2.45613e-12      -1.44811e-03       0.00000e+00
   94               2.45650e-12      -1.41405e-03       0.00000e+00
   95               2.45717e-12      -1.37998e-03       0.00000e+00
   96               2.45797e-12      -1.34591e-03       0.00000e+00
   97               2.45764e-12      -1.31184e-03       0.00000e+00
   98               2.45121e-12      -1.27777e-03       0.00000e+00
   99               2.42370e-12      -1.24370e-03       0.00000e+00
  100               2.33644e-12      -1.20964e-03       0.00000e+00
  101               2.10331e-12      -1.17557e-03       0.00000e+00
  102               1.56590e-12      -1.14150e-03       0.00000e+00
  103               5.28231e-13      -1.10743e-03       0.00000e+00
  104              -9.19954e-13      -1.07336e-03       0.00000e+00
  105              -1.09276e-12      -1.03929e-03       0.00000e+00
  106               7.44129e-12      -1.00523e-03       0.00000e+00
  107               4.91849e-11      -9.71157e-04       0.00000e+00
  108               1.93035e-10      -9.37089e-04       0.00000e+00
  109               6.10014e-10      -9.03020e-04       0.00000e+00
  110               1.67425e-09      -8.68952e-04       0.00000e+00
  111               4.07821e-09      -8.34885e-04       0.00000e+00
  112               8.74721e-09      -8.00818e-04       0.00000e+00
  113               1.57262e-08      -7.66755e-04       0.00000e+00
  114               1.94877e-08      -7.32698e-04       0.00000e+00
  115              -6.21889e-09      -6.98658e-04       0.00000e+00
  116              -1.50673e-07      -6.64658e-04       0.00000e+00
  117              -6.72278e-07      -6.30760e-04       0.00000e+00
  118              -2.24000e-06      -5.97121e-04       0.00000e+00
  119              -6.42479e-06      -5.64124e-04       0.00000e+00
  120              -1.65106e-05      -5.32427e-04       0.00000e+00
  121              -3.77687e-05      -5.00464e-04       0.00000e+00
  122              -6.80194e-05      -4.35358e-04       0.00000e+00
  123               0.00000e+00       0.00000e+00       0.00000e+00
  124              -3.40684e-05      -1.78880e-03       0.00000e+00
  125              -3.40684e-05      -1.75473e-03       0.00000e+00
  126              -3.40684e-05      -1.72066e-03       0.00000e+00
  127              -3.40684e-05      -1.68659e-03       0.00000e+00
  128              -3.40684e-05      -1.65252e-03       0.00000e+00
  129              -3.40684e-05      -1.61846e-03       0.00000e+00
  130              -3.40684e-05      -1.58439e-03       0.00000e+00
  131              -3.40684e-05      -1.55032e-03       0.00000e+00
  132              -3.40684e-05      -1.51625e-03       0.00000e+00
  133              -3.40684e-05      -1.48218e-03       0.00000e+00
  134              -3.40684e-05      -1.44811e-03       0.00000e+00
  135              -3.40684e-05      -1.41405e-03       0.00000e+00
  136              -3.40684e-05      -1.37998e-03       0.00000e+00
  137              -3.40684e-05      -1.34591e-03       0.00000e+00
  138              -3.40684e-05      -1.31184e-03       0.00000e+00
  139              -3.40684e-05      -1.27777e-03       0.00000e+00
  140              -3.40684e-05      -1.24370e-03       0.00000e+00
  141              -3.40684e-05      -1.20964e-03       0.00000e+00
  142              -3.40684e-05      -1.17557e-03       0.00000e+00
  143              -3.40684e-05      -1.14150e-03       0.00000e+00
  144              -3.40684e-05      -1.10743e-03       0.00000e+00
  145              -3.40684e-05      -1.07336e-03       0.00000e+00
  146              -3.40684e-05      -1.03929e-03       0.00000e+00
  147              -3.40684e-05      -1.00523e-03       0.00000e+00
  148              -3.40684e-05      -9.71157e-04       0.00000e+00
  149              -3.40684e-05      -9.37089e-04       0.00000e+00
  150              -3.40684e-05      -9.03021e-04       0.00000e+00
  151              -3.40686e-05      -8.68953e-04       0.00000e+00
  152              -3.40691e-05      -8.34886e-04       0.00000e+00
  153              -3.40705e-05      -8.00819e-04       0.00000e+00
  154              -3.40749e-05      -7.66749e-04       0.00000e+00
  155              -3.40874e-05      -7.32666e-04       0.00000e+00
  156              -3.41223e-05      -6.98544e-04       0.00000e+00
  157              -3.42167e-05      -6.64321e-04       0.00000e+00
  158              -3.44623e-05      -6.29883e-04       0.00000e+00
  159              -3.50770e-05      -5.95091e-04       0.00000e+00
  160              -3.65426e-05      -5.60052e-04       0.00000e+00
  161              -3.97991e-05      -5.26218e-04       0.00000e+00
  162              -4.60267e-05      -4.99955e-04       0.00000e+00
  163              -5.17553e-05      -5.02557e-04       0.00000e+00
  164               0.00000e+00      -5.86689e-04       0.00000e+00
  165              -6.81367e-05      -1.78880e-03       0.00000e+00
  166              -6.81367e-05      -1.75473e-03       0.00000e+00
  167              -6.81367e-05      -1.72066e-03       0.00000e+00
  168              -6.81367e-05      -1.68659e-03       0.00000e+00
  169              -6.81367e-05      -1.65252e-03       0.00000e+00
  170              -6.81367e-05      -1.61846e-03       0.00000e+00
  171              -6.81367e-05      -1.58439e-03       0.00000e+00
  172              -6.81367e-05      -1.55032e-03       0.00000e+00
  173              -6.81367e-05      -1.51625e-03       0.00000e+00
  174              -6.81367e-05      -1.48218e-03       0.00000e+00
  175              -6.81367e-05      -1.44811e-03       0.00000e+00
  176              -6.81367e-05      -1.41405e-03       0.00000e+00
  177              -6.81367e-05      -1.37998e-03       0.00000e+00
  178              -6.81367e-05      -1.34591e-03       0.00000e+00
  179              -6.81367e-05      -1.31184e-03       0.00000e+00
  180              -6.81367e-05      -1.27777e-03       0.00000e+00
  181              -6.81367e-05      -1.24370e-03       0.00000e+00
  182              -6.81367e-05      -1.20964e-03       0.00000e+00
  183              -6.81367e-05      -1.17557e-03       0.00000e+00
  184              -6.81367e-05      -1.14150e-03       0.00000e+00
  185              -6.81367e-05      -1.10743e-03       0.00000e+00
  186              -6.81367e-05      -1.07336e-03       0.00000e+00
  187              -6.81367e-05      -1.03929e-03       0.00000e+00
  188              -6.81367e-05      -1.00523e-03       0.00000e+00
  189              -6.81367e-05      -9.71157e-04       0.00000e+00
  190              -6.81368e-05      -9.37089e-04       0.00000e+00
  191              -6.81371e-05      -9.03021e-04       0.00000e+00
  192              -6.81379e-05      -8.68953e-04       0.00000e+00
  193              -6.81400e-05      -8.34886e-04       0.00000e+00
  194              -6.81444e-05      -8.00817e-04       0.00000e+00
  195              -6.81519e-05      -7.66745e-04       0.00000e+00
  196              -6.81592e-05      -7.32658e-04       0.00000e+00
  197              -6.81444e-05      -6.98531e-04       0.00000e+00
  198              -6.80261e-05      -6.64309e-04       0.00000e+00
  199              -6.75548e-05      -6.29904e-04       0.00000e+00
  200              -6.60620e-05      -5.95268e-04       0.00000e+00
  201              -6.19564e-05      -5.60758e-04       0.00000e+00
  202              -5.19350e-05      -5.28521e-04       0.00000e+00
  203              -3.06480e-05      -5.07264e-04       0.00000e+00
  204               3.73582e-06      -5.31157e-04       0.00000e+00
  205               0.00000e+00      -7.66698e-04       0.00000e+00

 S T R E S S  C A L C U L A T I O N S  F O R  E L E M E N T  G R O U P    1

  ELEMENT            STRESS
  NUMBER
    1           0.00000e+00      -8.88178e-16      -4.85723e-16
    2           1.33227e-15      -8.88178e-16      -4.57967e-16
    3           3.55271e-15      -1.77636e-15      -2.67147e-15
    4           2.22045e-15       0.00000e+00      -2.88658e-15
    5           7.54952e-15       8.88178e-16      -1.58901e-15
    6           5.77316e-15      -1.77636e-15      -1.94289e-16
    7           1.46549e-14      -1.77636e-15      -5.10703e-15
    8           9.76996e-15       8.88178e-16      -4.81559e-15
    9           2.35367e-14       1.77636e-15      -5.41234e-15
   10           1.73195e-14      -8.88178e-16      -3.17801e-15
   11           3.37508e-14       1.68754e-14      -1.12133e-14
   12           2.53131e-14       2.66454e-15      -5.19029e-15
   13           5.90639e-14       4.52971e-14      -3.31887e-14
   14           2.30926e-14       1.33227e-14      -1.48631e-14
   15           1.37890e-13       1.35003e-13      -1.10391e-13
   16           0.00000e+00       2.75335e-14      -4.49085e-14
   17           3.67484e-13       3.63265e-13      -3.16511e-13
   18          -7.59393e-14       7.10543e-14      -1.18766e-13
   19           9.89209e-13       8.49099e-13      -8.40043e-13
   20          -3.07310e-13       1.60760e-13      -3.05742e-13
   21           2.52087e-12       1.70441e-12      -1.98034e-12
   22          -8.56426e-13       2.94875e-13      -6.92058e-13
   23           5.83089e-12       2.67519e-12      -4.04711e-12
   24          -1.94866e-12       3.63265e-13      -1.33001e-12
   25           1.17795e-11       1.88294e-12      -6.58053e-12
   26          -3.57425e-12      -1.45661e-13      -1.90054e-12
   27           1.89548e-11      -7.91456e-12      -5.51584e-12
   28          -4.29834e-12      -2.94076e-12      -5.94400e-13
   29           1.54414e-11      -4.86464e-11       1.52152e-11
   30           2.59459e-12      -1.28226e-11       9.02896e-12
   31          -4.54683e-11      -1.77685e-10       1.05272e-10
   32           3.95521e-11      -4.14131e-11       4.56934e-11
   33          -3.07362e-10      -5.25779e-10       3.96120e-10
   34           1.69591e-10      -1.13168e-10       1.56622e-10
   35          -1.14873e-09      -1.34478e-09       1.19134e-09
   36           5.47111e-10      -2.69437e-10       4.45249e-10
   37          -3.43945e-09      -2.99141e-09       3.08637e-09
   38           1.49965e-09      -5.50262e-10       1.09938e-09
   39          -8.87452e-09      -5.54606e-09       6.96023e-09
   40           3.59040e-09      -8.82456e-10       2.34871e-09
   41          -1.99215e-08      -7.10464e-09       1.31731e-08
   42           7.38983e-09      -6.66758e-10       4.08673e-09
   43          -3.74506e-08       1.91923e-09       1.78117e-08
   44           1.19807e-08       2.46602e-09       4.35604e-09
   45          -4.98461e-08       5.50746e-08      -4.05783e-11
   46           9.26205e-09       1.59330e-08      -5.41618e-09
   47           3.57545e-09       2.51404e-07      -1.15005e-07
   48          -3.37971e-08       5.98893e-08      -5.33809e-08
   49           3.37178e-07       8.51075e-07      -5.49529e-07
   50          -2.24040e-07       1.83120e-07      -2.18598e-07
   51           1.58477e-06       2.47267e-06      -1.89115e-06
   52          -8.64584e-07       4.90546e-07      -6.98060e-07
   53           5.40487e-06       6.44695e-06      -5.54001e-06
   54          -2.73686e-06       1.17618e-06      -1.92895e-06
   55           1.56999e-05       1.53219e-05      -1.45026e-05
   56          -7.69930e-06       2.51570e-06      -4.75503e-06
   57           4.06819e-05       3.32546e-05      -3.44789e-05
   58          -1.98588e-05       4.65432e-06      -1.04794e-05
   59           9.53403e-05       6.53621e-05      -7.44733e-05
   60          -4.77005e-05       6.73986e-06      -2.01795e-05
   61           2.01283e-04       1.14117e-04      -1.44238e-04
   62          -1.07857e-04       4.40278e-06      -3.14697e-05
   63           3.73962e-04       1.71642e-04      -2.42293e-04
   64          -2.32645e-04      -1.60618e-05      -2.84403e-05
   65           5.73218e-04       2.19621e-04      -3.26169e-04
   66          -4.90731e-04      -8.77659e-05       4.30368e-05
   67           5.77135e-04       3.09221e-04      -2.75033e-04
   68          -1.06138e-03      -2.70757e-04       3.22252e-04
   69          -2.31199e-04       9.88706e-04       3.49242e-05
   70          -2.51753e-03      -6.19178e-04       1.08337e-03
   71          -2.89418e-03       4.67614e-03       3.96944e-05
   72          -6.83847e-03      -9.93476e-04       2.62806e-03
   73          -7.24469e-03       1.69593e-02      -4.01058e-03
   74          -2.05676e-02      -6.25874e-04       4.31082e-03
   75          -3.40316e-03       2.34259e-02      -2.16263e-02
   76          -6.15876e-02       6.56402e-04       1.69040e-04
   77           4.84972e-02      -2.19212e-01      -2.71443e-02
   78          -1.41182e-01      -1.79078e-02      -3.02741e-02
   79          -1.71415e-02      -6.71376e-01       3.28624e-01
   80           3.24019e-01      -1.36556e-01       9.27831e-02
   81           1.77636e-15       8.88178e-16      -3.47508e-15
   82          -8.88178e-16       2.66454e-15      -3.30985e-15
   83           2.22045e-15       0.00000e+00      -6.69419e-15
   84           8.88178e-16       0.00000e+00      -6.55725e-15
   85           7.54952e-15       2.66454e-15      -5.36192e-15
   86          -4.44089e-16      -8.88178e-16      -2.58821e-15
   87           1.11022e-14       4.44089e-15      -1.36620e-14
   88          -1.77636e-15       0.00000e+00      -9.00668e-15
   89           1.90958e-14       5.32907e-15      -1.73545e-14
   90          -8.88178e-16       8.88178e-16      -1.03736e-14
   91           3.01981e-14       2.04281e-14      -3.01268e-14
   92          -8.88178e-15      -3.55271e-15      -1.31700e-14
   93           4.61853e-14       8.97060e-14      -5.64849e-14
   94          -2.84217e-14       2.66454e-15      -1.27051e-14
   95           6.59472e-14       2.46914e-13      -1.12698e-13
   96          -8.83738e-14       4.97380e-14      -1.87073e-14
   97           6.21725e-14       5.31131e-13      -2.18581e-13
   98          -2.39364e-13       1.55431e-13      -3.60961e-14
   99          -4.55191e-14       1.03295e-12      -3.98197e-13
  100          -5.91527e-13       3.34843e-13      -6.31231e-14
  101          -4.95604e-13       1.49836e-12      -5.75445e-13
  102          -1.29319e-12       6.59028e-13      -1.34663e-13
  103          -1.87739e-12       5.99520e-13      -3.10215e-13
  104          -2.38365e-12       9.31699e-13      -2.63581e-13
  105          -5.45186e-12      -6.40377e-12       1.96370e-12
  106          -3.15614e-12       2.15827e-13      -4.36796e-13
  107          -1.33942e-11      -3.32605e-11       1.07731e-11
  108          -9.25926e-14      -4.79616e-12      -4.71984e-13
  109          -2.79012e-11      -1.14476e-10       3.73275e-11
  110           1.86207e-11      -2.36557e-11       3.51365e-13
  111          -4.54690e-11      -3.24817e-10       1.05393e-10
  112           8.59257e-11      -8.03277e-11       4.19331e-12
  113          -3.55778e-11      -7.97062e-10       2.55303e-10
  114           2.80967e-10      -2.26886e-10       1.65707e-11
  115           1.23447e-10      -1.68165e-09       5.25249e-10
  116           7.65520e-10      -5.56732e-10       4.95197e-11
  117           8.11570e-10      -2.84387e-09       8.37715e-10
  118           1.79565e-09      -1.17999e-09       1.24802e-10
  119           3.04808e-09      -2.69018e-09       5.82720e-10
  120           3.54336e-09      -2.02434e-09       2.70110e-10
  121           9.22728e-09       5.45807e-09      -2.62654e-09
  122           5.17732e-09      -2.05141e-09       4.85615e-10
  123           2.41647e-08       4.30792e-08      -1.61763e-08
  124           1.64636e-09       3.18380e-09       6.27353e-10
  125           5.53291e-08       1.69490e-07      -5.97507e-08
  126          -2.57003e-08       2.81197e-08       1.26083e-10
  127           1.07134e-07       5.29659e-07      -1.79277e-07
  128          -1.33085e-07       1.12966e-07      -2.41649e-09
  129           1.51829e-07       1.43601e-06      -4.66227e-07
  130          -4.68290e-07       3.57032e-07      -8.77678e-09
  131           2.56621e-08       3.45803e-06      -1.05928e-06
  132          -1.37448e-06       9.78122e-07      -1.46509e-08
  133          -8.86238e-07       7.34492e-06      -2.02576e-06
  134          -3.54049e-06       2.38819e-06       2.33556e-08
  135          -4.51189e-06       1.31404e-05      -2.77542e-06
  136          -8.05779e-06       5.19346e-06       3.18815e-07
  137          -1.62724e-05       1.66092e-05       1.42489e-08
  138          -1.57448e-05       9.77053e-06       1.71339e-06
  139          -5.02539e-05      -1.77138e-06       1.86862e-05
  140          -2.35918e-05       1.44134e-05       7.15055e-06
  141          -1.40875e-04      -1.05655e-04       9.18523e-05
  142          -1.21479e-05       9.66039e-06       2.61485e-05
  143          -3.68404e-04      -4.68590e-04       3.28297e-04
  144           9.20972e-05      -3.57637e-05       8.77857e-05
  145          -9.14955e-04      -1.50185e-03       1.01228e-03
  146           5.16918e-04      -2.02993e-04       2.77084e-04
  147          -2.19434e-03      -4.04731e-03       2.84469e-03
  148           1.88815e-03      -6.60915e-04       8.33836e-04
  149          -5.18609e-03      -9.51440e-03       7.47779e-03
  150           5.77381e-03      -1.65686e-03       2.41155e-03
  151          -1.23888e-02      -1.94946e-02       1.86700e-02
  152           1.57710e-02      -3.22728e-03       6.70886e-03
  153          -3.06421e-02      -3.42076e-02       4.45706e-02
  154           3.91316e-02      -4.03848e-03       1.76629e-02
  155          -7.86416e-02      -5.61903e-02       9.99920e-02
  156           8.51956e-02       5.43664e-04       4.06075e-02
  157          -1.97027e-01      -2.04058e-01       1.88074e-01
  158           1.22224e-01       4.06924e-03       4.60879e-02
  159          -3.59906e-01      -2.41630e+00       1.62288e-01
  160          -3.46772e-01      -2.48981e-01      -4.24758e-01
  161          -8.88178e-16       4.44089e-15      -3.76088e-15
  162          -4.44089e-16      -3.55271e-15      -1.56892e-15
  163           4.44089e-16      -8.88178e-16      -7.77850e-15
  164          -3.99680e-15       3.55271e-15      -7.07727e-15
  165          -4.44089e-16      -1.77636e-15      -6.50174e-15
  166          -9.32587e-15      -3.55271e-15      -3.85816e-15
  167          -1.33227e-15       1.77636e-15      -1.37806e-14
  168          -1.24345e-14      -5.32907e-15      -9.18723e-15
  169           4.44089e-16       6.21725e-15      -1.75276e-14
  170          -1.99840e-14      -3.55271e-15      -9.32481e-15
  171          -8.88178e-16       2.30926e-14      -2.02338e-14
  172          -2.70894e-14      -1.77636e-15      -6.07647e-15
  173          -1.11022e-14       5.86198e-14      -1.01447e-14
  174          -3.19744e-14       1.42109e-14       7.58408e-15
  175          -5.90639e-14       1.48326e-13       2.38698e-14
  176          -3.15303e-14       5.24025e-14       4.19357e-14
  177          -1.95621e-13       3.00204e-13       1.24706e-13
  178          -2.64233e-14       1.58096e-13       1.18133e-13
  179          -5.40457e-13       5.05374e-13       3.96502e-13
  180           4.21885e-15       3.59712e-13       2.88853e-13
  181          -1.32760e-12       5.43565e-13       9.72791e-13
  182           6.21725e-14       6.86562e-13       5.60395e-13
  183          -2.84239e-12      -5.96856e-13       2.01599e-12
  184           1.33005e-13       9.81437e-13       7.90046e-13
  185          -5.05196e-12      -6.10356e-12       3.32043e-12
  186           1.01252e-13       2.86882e-13       2.13065e-13
  187          -6.06715e-12      -2.47109e-11       3.00750e-12
  188          -4.85390e-13      -4.73310e-12      -3.87363e-12
  189           2.53908e-12      -7.72609e-11      -6.26308e-12
  190          -2.89258e-12      -2.37588e-11      -1.92053e-11
  191           4.79536e-11      -2.06900e-10      -4.66408e-11
  192          -9.97646e-12      -8.10161e-11      -6.49362e-11
  193           2.03298e-10      -4.85780e-10      -1.74579e-10
  194          -2.65106e-11      -2.29240e-10      -1.81776e-10
  195           6.37384e-10      -9.83851e-10      -5.12333e-10
  196          -5.47582e-11      -5.63197e-10      -4.39240e-10
  197           1.67439e-09      -1.58418e-09      -1.26960e-09
  198          -6.91103e-11      -1.19580e-09      -9.04756e-10
  199           3.75404e-09      -1.32205e-09      -2.63736e-09
  200           8.31022e-11      -2.06157e-09      -1.44993e-09
  201           6.85212e-09       3.53126e-09      -4.12732e-09
  202           1.01053e-09      -2.14511e-09      -1.02634e-09
  203           7.96584e-09       2.42487e-08      -2.06319e-09
  204           4.76376e-09       2.90475e-09       4.54537e-09
  205          -7.16526e-09       8.99032e-08       1.82543e-08
  206           1.75830e-08       2.71339e-08       2.84907e-08
  207          -8.74302e-08       2.65147e-07       1.04158e-07
  208           5.71261e-08       1.09191e-07       1.07228e-07
  209          -3.74848e-07       6.68505e-07       3.89507e-07
  210           1.70599e-07       3.42556e-07       3.30411e-07
  211          -1.23446e-06       1.44484e-06       1.21651e-06
  212           4.78486e-07       9.24505e-07       8.95420e-07
  213          -3.50181e-06       2.51714e-06       3.38164e-06
  214           1.27687e-06       2.19824e-06       2.18093e-06
  215          -8.84073e-06       2.58364e-06       8.55806e-06
  216           3.27225e-06       4.54936e-06       4.76764e-06
  217          -1.98937e-05      -4.05906e-06       1.98196e-05
  218           8.11769e-06       7.67117e-06       9.11995e-06
  219          -3.87792e-05      -3.62113e-05       4.16595e-05
  220           1.96517e-05       7.80457e-06       1.40777e-05
  221          -5.91050e-05      -1.46863e-04       7.72872e-05
  222           4.68403e-05      -1.05254e-05       1.20572e-05
  223          -3.76415e-05      -4.68226e-04       1.16924e-04
  224           1.11008e-04      -9.58293e-05      -2.33579e-05
  225           1.90151e-04      -1.29222e-03       1.01970e-04
  226           2.64105e-04      -3.77702e-04      -1.64157e-04
  227           1.13591e-03      -3.16835e-03      -1.66609e-04
  228           6.35163e-04      -1.15871e-03      -5.72848e-04
  229           4.21447e-03      -6.85466e-03      -1.23454e-03
  230           1.54509e-03      -3.04560e-03      -1.54137e-03
  231           1.30256e-02      -1.23785e-02      -4.42944e-03
  232           3.76526e-03      -6.98942e-03      -3.38716e-03
  233           3.61452e-02      -1.39932e-02      -1.29356e-02
  234           8.94555e-03      -1.36025e-02      -5.71776e-03
  235           9.27711e-02       2.57955e-02      -3.64699e-02
  236           1.91858e-02      -1.90810e-02      -4.57639e-03
  237           2.21584e-01       3.35272e-01      -1.25184e-01
  238           2.45095e-02       5.31698e-03       1.67087e-02
  239           4.74669e-01       2.48916e+00      -6.69782e-01
  240          -1.38881e-01       2.27132e-01       1.04411e-01
  241          -4.44089e-16      -2.66454e-15       1.36002e-15
  242          -2.22045e-15       7.10543e-15      -2.56739e-16
  243          -5.32907e-15      -1.77636e-15      -6.43929e-15
  244          -9.32587e-15      -5.32907e-15      -4.86416e-15
  245          -7.99361e-15       0.00000e+00      -2.81719e-15
  246          -1.50990e-14      -4.44089e-15       4.85723e-16
  247          -1.11022e-14       0.00000e+00      -9.02056e-15
  248          -2.30926e-14      -4.44089e-15      -4.34375e-15
  249          -1.64313e-14       7.99361e-15      -1.18100e-14
  250          -3.64153e-14      -7.99361e-15      -2.39392e-15
  251          -2.35367e-14       1.06581e-14      -1.00059e-14
  252          -4.75175e-14      -1.77636e-15       2.08167e-17
  253          -3.28626e-14       9.76996e-15       7.39686e-15
  254          -4.48530e-14       4.44089e-15       1.16088e-14
  255          -4.88498e-14      -3.55271e-15       6.02296e-14
  256          -8.88178e-16       1.86517e-14       4.14876e-14
  257          -8.39329e-14      -3.28626e-14       2.00326e-13
  258           1.66755e-13       6.12843e-14       1.06949e-13
  259          -1.50102e-13      -1.54543e-13       5.48062e-13
  260           6.21503e-13       1.78524e-13       2.50806e-13
  261          -2.86882e-13      -4.77840e-13       1.23877e-12
  262           1.65068e-12       3.86358e-13       4.84383e-13
  263          -5.28466e-13      -1.22213e-12       2.31079e-12
  264           3.58069e-12       6.82121e-13       6.91468e-13
  265          -8.03135e-13      -2.72848e-12       3.03012e-12
  266           6.11866e-12       7.71827e-13       2.23807e-13
  267          -5.78870e-13      -5.04485e-12      -2.98789e-13
  268           5.92881e-12      -7.08766e-13      -3.21804e-12
  269           2.28506e-12      -6.50058e-12      -2.02950e-11
  270          -1.07319e-11      -8.09042e-12      -1.63623e-11
  271           1.46920e-11       1.21148e-12      -9.29846e-11
  272          -8.72551e-11      -3.33626e-11      -5.62287e-11
  273           5.61979e-11       4.64553e-11      -3.08130e-10
  274          -3.40647e-10      -1.05389e-10      -1.60406e-10
  275           1.77303e-10       2.10341e-10      -8.61507e-10
  276          -1.04732e-09      -2.84601e-10      -3.98547e-10
  277           4.98512e-10       6.96276e-10      -2.11175e-09
  278          -2.77127e-09      -6.74231e-10      -8.62441e-10
  279           1.28759e-09       1.95341e-09      -4.52569e-09
  280          -6.43210e-09      -1.38291e-09      -1.54907e-09
  281           3.10200e-09       4.82649e-09      -8.08569e-09
  282          -1.28376e-08      -2.28416e-09      -1.87984e-09
  283           7.04459e-09       1.05075e-08      -9.90916e-09
  284          -2.01154e-08      -2.13873e-09       8.07915e-10
  285           1.52731e-08       1.94342e-08       3.04710e-09
  286          -1.47357e-08       3.97346e-09       1.52889e-08
  287           3.23523e-08       2.66113e-08       7.28801e-08
  288           5.41242e-08       3.10896e-08       6.58127e-08
  289           6.99534e-08       7.07047e-09       3.12597e-07
  290           3.37620e-07       1.18192e-07       2.10616e-07
  291           1.64631e-07      -1.21680e-07       9.81449e-07
  292           1.21998e-06       3.52079e-07       5.69765e-07
  293           4.43023e-07      -5.81251e-07       2.56959e-06
  294           3.54064e-06       8.91122e-07       1.33921e-06
  295           1.34610e-06      -1.87115e-06       5.70734e-06
  296           8.79147e-06       1.92328e-06       2.68124e-06
  297           4.35025e-06      -4.88695e-06       1.01700e-05
  298           1.86199e-05       3.31098e-06       4.12106e-06
  299           1.41448e-05      -1.05519e-05       1.06802e-05
  300           3.11885e-05       3.16454e-06       2.39865e-06
  301           4.48325e-05      -1.72183e-05      -1.67976e-05
  302           2.70290e-05      -6.68660e-06      -1.48398e-05
  303           1.36616e-04      -1.04680e-05      -1.53691e-04
  304          -7.49924e-05      -5.31657e-05      -8.52238e-05
  305           3.98191e-04       6.92513e-05      -6.35830e-04
  306          -5.36897e-04      -2.12522e-04      -3.08214e-04
  307           1.10778e-03       4.16677e-04      -2.07059e-03
  308          -2.08842e-03      -6.76733e-04      -9.15695e-04
  309           2.93530e-03       1.58843e-03      -5.85689e-03
  310          -6.53384e-03      -1.87581e-03      -2.37483e-03
  311           7.37287e-03       5.03594e-03      -1.48075e-02
  312          -1.78133e-02      -4.63615e-03      -5.42255e-03
  313           1.73511e-02       1.44159e-02      -3.33822e-02
  314          -4.31190e-02      -1.01116e-02      -1.04982e-02
  315           3.70126e-02       4.03416e-02      -6.40644e-02
  316          -9.05327e-02      -1.79492e-02      -1.40316e-02
  317           6.28939e-02       1.33265e-01      -8.13668e-02
  318          -1.41499e-01      -1.32119e-02       1.30981e-02
  319           9.87883e-03       7.23000e-01       1.29433e-01
  320           5.41344e-02       1.30637e-01       2.77000e-01


 S O L U T I O N   T I M E   L O G   I N   S E C 

     TIME FOR INPUT PHASE = 4.55000e-01
     TIME FOR CALCULATION OF STIFFNESS MATRIX = 1.00000e-03
     TIME FOR FACTORIZATION AND LOAD CASE SOLUTIONS = 3.98000e-01

     T O T A L   S O L U T I O N   T I M E = 8.54000e-01

