TITLE : Error_test_1_T3
        (15:39:42 on June 16, 2024, Sunday)

C O N T R O L   I N F O R M A T I O N

      NUMBER OF NODAL POINTS . . . . . . . . . . (NUMNP)  =    63
      NUMBER OF ELEMENT GROUPS . . . . . . . . . (NUMEG)  =     1
      NUMBER OF LOAD CASES . . . . . . . . . . . (NLCASE) =     1
      SOLUTION MODE  . . . . . . . . . . . . . . (MODEX)  =     1
         EQ.0, DATA CHECK
         EQ.1, EXECUTION

 N O D A L   P O I N T   D A T A

    NODE       BOUNDARY                         NODAL POINT
   NUMBER  CONDITION  CODES                     COORDINATES
        1    0    0    1       1.00000e+00    3.50000e-01    0.00000e+00
        2    0    0    1       5.00000e-01    3.50000e-01    0.00000e+00
        3    0    0    1       0.00000e+00    3.50000e-01    0.00000e+00
        4    0    0    1      -5.00000e-01    3.50000e-01    0.00000e+00
        5    0    0    1      -1.00000e+00    3.50000e-01    0.00000e+00
        6    0    0    1      -1.50000e+00    3.50000e-01    0.00000e+00
        7    0    0    1      -2.00000e+00    3.50000e-01    0.00000e+00
        8    0    0    1      -2.50000e+00    3.50000e-01    0.00000e+00
        9    0    0    1      -3.00000e+00    3.50000e-01    0.00000e+00
       10    0    0    1      -3.50000e+00    3.50000e-01    0.00000e+00
       11    0    0    1      -4.00000e+00    3.50000e-01    0.00000e+00
       12    0    0    1      -4.50000e+00    3.50000e-01    0.00000e+00
       13    0    0    1      -5.00000e+00    3.50000e-01    0.00000e+00
       14    0    0    1      -5.50000e+00    3.50000e-01    0.00000e+00
       15    0    0    1      -6.00000e+00    3.50000e-01    0.00000e+00
       16    0    0    1      -6.50000e+00    3.50000e-01    0.00000e+00
       17    0    0    1      -7.00000e+00    3.50000e-01    0.00000e+00
       18    0    0    1      -7.50000e+00    3.50000e-01    0.00000e+00
       19    0    0    1      -8.00000e+00    3.50000e-01    0.00000e+00
       20    0    0    1      -8.50000e+00    3.50000e-01    0.00000e+00
       21    1    0    1      -9.00000e+00    3.50000e-01    0.00000e+00
       22    0    0    1       1.00000e+00   -1.50000e-01    0.00000e+00
       23    0    0    1       5.00000e-01   -1.50000e-01    0.00000e+00
       24    0    0    1       0.00000e+00   -1.50000e-01    0.00000e+00
       25    0    0    1      -5.00000e-01   -1.50000e-01    0.00000e+00
       26    0    0    1      -1.00000e+00   -1.50000e-01    0.00000e+00
       27    0    0    1      -1.50000e+00   -1.50000e-01    0.00000e+00
       28    0    0    1      -2.00000e+00   -1.50000e-01    0.00000e+00
       29    0    0    1      -2.50000e+00   -1.50000e-01    0.00000e+00
       30    0    0    1      -3.00000e+00   -1.50000e-01    0.00000e+00
       31    0    0    1      -3.50000e+00   -1.50000e-01    0.00000e+00
       32    0    0    1      -4.00000e+00   -1.50000e-01    0.00000e+00
       33    0    0    1      -4.50000e+00   -1.50000e-01    0.00000e+00
       34    0    0    1      -5.00000e+00   -1.50000e-01    0.00000e+00
       35    0    0    1      -5.50000e+00   -1.50000e-01    0.00000e+00
       36    0    0    1      -6.00000e+00   -1.50000e-01    0.00000e+00
       37    0    0    1      -6.50000e+00   -1.50000e-01    0.00000e+00
       38    0    0    1      -7.00000e+00   -1.50000e-01    0.00000e+00
       39    0    0    1      -7.50000e+00   -1.50000e-01    0.00000e+00
       40    0    0    1      -8.00000e+00   -1.50000e-01    0.00000e+00
       41    0    0    1      -8.50000e+00   -1.50000e-01    0.00000e+00
       42    1    1    1      -9.00000e+00   -1.50000e-01    0.00000e+00
       43    0    0    1       1.00000e+00   -6.50000e-01    0.00000e+00
       44    0    0    1       5.00000e-01   -6.50000e-01    0.00000e+00
       45    0    0    1       0.00000e+00   -6.50000e-01    0.00000e+00
       46    0    0    1      -5.00000e-01   -6.50000e-01    0.00000e+00
       47    0    0    1      -1.00000e+00   -6.50000e-01    0.00000e+00
       48    0    0    1      -1.50000e+00   -6.50000e-01    0.00000e+00
       49    0    0    1      -2.00000e+00   -6.50000e-01    0.00000e+00
       50    0    0    1      -2.50000e+00   -6.50000e-01    0.00000e+00
       51    0    0    1      -3.00000e+00   -6.50000e-01    0.00000e+00
       52    0    0    1      -3.50000e+00   -6.50000e-01    0.00000e+00
       53    0    0    1      -4.00000e+00   -6.50000e-01    0.00000e+00
       54    0    0    1      -4.50000e+00   -6.50000e-01    0.00000e+00
       55    0    0    1      -5.00000e+00   -6.50000e-01    0.00000e+00
       56    0    0    1      -5.50000e+00   -6.50000e-01    0.00000e+00
       57    0    0    1      -6.00000e+00   -6.50000e-01    0.00000e+00
       58    0    0    1      -6.50000e+00   -6.50000e-01    0.00000e+00
       59    0    0    1      -7.00000e+00   -6.50000e-01    0.00000e+00
       60    0    0    1      -7.50000e+00   -6.50000e-01    0.00000e+00
       61    0    0    1      -8.00000e+00   -6.50000e-01    0.00000e+00
       62    0    0    1      -8.50000e+00   -6.50000e-01    0.00000e+00
       63    1    0    1      -9.00000e+00   -6.50000e-01    0.00000e+00

 L O A D   C A S E   D A T A

     LOAD CASE NUMBER . . . . . . . =     1
     NUMBER OF CONCENTRATED LOADS . =     0
     NUMBER OF NATURAL BC . =     2

    NODE          DIRECTION         LOAD            ELEMENT
   NUMBER                         MAGNITUDE         NUMBER
     21 42      2       -1.00000e+00 -1.00000e+00       79
     42 63      2       -1.00000e+00 -1.00000e+00       79

 E L E M E N T   G R O U P   D A T A


 E L E M E N T   D E F I N I T I O N

 ELEMENT TYPE  . . . . . . . . . . . . .( NPAR(1) ) . . =    3
     EQ.1, TRUSS ELEMENTS
     EQ.2, Q4 ELEMENTS
     EQ.3, T3 ELEMENTS
     EQ.4, H8 ELEMENTS
     EQ.4, Tet4 ELEMENTS

 NUMBER OF ELEMENTS. . . . . . . . . . .( NPAR(2) ) . . =   80

 M A T E R I A L   D E F I N I T I O N

 NUMBER OF DIFFERENT SETS OF MATERIAL
 AND CROSS-SECTIONAL  CONSTANTS  . . . .( NPAR(3) ) . . =    1

  SET       YOUNG'S         POISSON          THICK            PLANE
 NUMBER     MODULUS          RATIO           -NESS           STRESS
               E               MU              T              FLAG
    1     1.00000e+03     3.00000e-01     1.00000e+00           0


 E L E M E N T   I N F O R M A T I O N
 ELEMENT     NODE     NODE     NODE       MATERIAL
 NUMBER-N      A        B        C        SET NUMBER
    1          1        2       23           1
    2         23       22        1           1
    3          2        3       24           1
    4         24       23        2           1
    5          3        4       25           1
    6         25       24        3           1
    7          4        5       26           1
    8         26       25        4           1
    9          5        6       27           1
   10         27       26        5           1
   11          6        7       28           1
   12         28       27        6           1
   13          7        8       29           1
   14         29       28        7           1
   15          8        9       30           1
   16         30       29        8           1
   17          9       10       31           1
   18         31       30        9           1
   19         10       11       32           1
   20         32       31       10           1
   21         11       12       33           1
   22         33       32       11           1
   23         12       13       34           1
   24         34       33       12           1
   25         13       14       35           1
   26         35       34       13           1
   27         14       15       36           1
   28         36       35       14           1
   29         15       16       37           1
   30         37       36       15           1
   31         16       17       38           1
   32         38       37       16           1
   33         17       18       39           1
   34         39       38       17           1
   35         18       19       40           1
   36         40       39       18           1
   37         19       20       41           1
   38         41       40       19           1
   39         20       21       42           1
   40         42       41       20           1
   41         22       23       44           1
   42         44       43       22           1
   43         23       24       45           1
   44         45       44       23           1
   45         24       25       46           1
   46         46       45       24           1
   47         25       26       47           1
   48         47       46       25           1
   49         26       27       48           1
   50         48       47       26           1
   51         27       28       49           1
   52         49       48       27           1
   53         28       29       50           1
   54         50       49       28           1
   55         29       30       51           1
   56         51       50       29           1
   57         30       31       52           1
   58         52       51       30           1
   59         31       32       53           1
   60         53       52       31           1
   61         32       33       54           1
   62         54       53       32           1
   63         33       34       55           1
   64         55       54       33           1
   65         34       35       56           1
   66         56       55       34           1
   67         35       36       57           1
   68         57       56       35           1
   69         36       37       58           1
   70         58       57       36           1
   71         37       38       59           1
   72         59       58       37           1
   73         38       39       60           1
   74         60       59       38           1
   75         39       40       61           1
   76         61       60       39           1
   77         40       41       62           1
   78         62       61       40           1
   79         41       42       63           1
   80         63       62       41           1

 EQUATION NUMBERS

   NODE NUMBER   DEGREES OF FREEDOM
        N           X    Y    Z
        1           1    2    0
        2           3    4    0
        3           5    6    0
        4           7    8    0
        5           9   10    0
        6          11   12    0
        7          13   14    0
        8          15   16    0
        9          17   18    0
       10          19   20    0
       11          21   22    0
       12          23   24    0
       13          25   26    0
       14          27   28    0
       15          29   30    0
       16          31   32    0
       17          33   34    0
       18          35   36    0
       19          37   38    0
       20          39   40    0
       21           0   41    0
       22          42   43    0
       23          44   45    0
       24          46   47    0
       25          48   49    0
       26          50   51    0
       27          52   53    0
       28          54   55    0
       29          56   57    0
       30          58   59    0
       31          60   61    0
       32          62   63    0
       33          64   65    0
       34          66   67    0
       35          68   69    0
       36          70   71    0
       37          72   73    0
       38          74   75    0
       39          76   77    0
       40          78   79    0
       41          80   81    0
       42           0    0    0
       43          82   83    0
       44          84   85    0
       45          86   87    0
       46          88   89    0
       47          90   91    0
       48          92   93    0
       49          94   95    0
       50          96   97    0
       51          98   99    0
       52         100  101    0
       53         102  103    0
       54         104  105    0
       55         106  107    0
       56         108  109    0
       57         110  111    0
       58         112  113    0
       59         114  115    0
       60         116  117    0
       61         118  119    0
       62         120  121    0
       63           0  122    0

	TOTAL SYSTEM DATA

     NUMBER OF EQUATIONS . . . . . . . . . . . . . .(NEQ) = 122
     NUMBER OF MATRIX ELEMENTS . . . . . . . . . . .(NWK) = 3694
     MAXIMUM HALF BANDWIDTH  . . . . . . . . . . . .(MK ) = 45
     MEAN HALF BANDWIDTH . . . . . . . . . . . . . .(MM ) = 30


 LOAD CASE    1


 D I S P L A C E M E N T S

  NODE           X-DISPLACEMENT    Y-DISPLACEMENT    Z-DISPLACEMENT
    1               6.05582e-05      -1.38374e-03       0.00000e+00
    2               6.05582e-05      -1.32318e-03       0.00000e+00
    3               6.05582e-05      -1.26262e-03       0.00000e+00
    4               6.05582e-05      -1.20206e-03       0.00000e+00
    5               6.05582e-05      -1.14150e-03       0.00000e+00
    6               6.05582e-05      -1.08094e-03       0.00000e+00
    7               6.05582e-05      -1.02039e-03       0.00000e+00
    8               6.05582e-05      -9.59829e-04       0.00000e+00
    9               6.05583e-05      -8.99271e-04       0.00000e+00
   10               6.05584e-05      -8.38713e-04       0.00000e+00
   11               6.05590e-05      -7.78156e-04       0.00000e+00
   12               6.05607e-05      -7.17603e-04       0.00000e+00
   13               6.05662e-05      -6.57059e-04       0.00000e+00
   14               6.05831e-05      -5.96547e-04       0.00000e+00
   15               6.06364e-05      -5.36129e-04       0.00000e+00
   16               6.08051e-05      -4.76001e-04       0.00000e+00
   17               6.13562e-05      -4.16708e-04       0.00000e+00
   18               6.32801e-05      -3.59492e-04       0.00000e+00
   19               7.07807e-05      -3.04791e-04       0.00000e+00
   20               9.93980e-05      -2.38874e-04       0.00000e+00
   21               0.00000e+00      -4.21056e-04       0.00000e+00
   22               2.63547e-12      -1.38374e-03       0.00000e+00
   23               2.59587e-12      -1.32318e-03       0.00000e+00
   24               2.44449e-12      -1.26262e-03       0.00000e+00
   25               1.95181e-12      -1.20206e-03       0.00000e+00
   26               4.09976e-13      -1.14150e-03       0.00000e+00
   27              -4.39291e-12      -1.08094e-03       0.00000e+00
   28              -1.93467e-11      -1.02039e-03       0.00000e+00
   29              -6.59030e-11      -9.59828e-04       0.00000e+00
   30              -2.10847e-10      -8.99270e-04       0.00000e+00
   31              -6.62102e-10      -8.38712e-04       0.00000e+00
   32              -2.06697e-09      -7.78154e-04       0.00000e+00
   33              -6.44055e-09      -7.17596e-04       0.00000e+00
   34              -2.00549e-08      -6.57038e-04       0.00000e+00
   35              -6.24241e-08      -5.96480e-04       0.00000e+00
   36              -1.94192e-07      -5.35924e-04       0.00000e+00
   37              -6.03250e-07      -4.75373e-04       0.00000e+00
   38              -1.86683e-06      -4.14840e-04       0.00000e+00
   39              -5.71546e-06      -3.54385e-04       0.00000e+00
   40              -1.69245e-05      -2.94224e-04       0.00000e+00
   41              -4.35294e-05      -2.31291e-04       0.00000e+00
   42               0.00000e+00       0.00000e+00       0.00000e+00
   43              -6.05582e-05      -1.38374e-03       0.00000e+00
   44              -6.05582e-05      -1.32318e-03       0.00000e+00
   45              -6.05582e-05      -1.26262e-03       0.00000e+00
   46              -6.05582e-05      -1.20206e-03       0.00000e+00
   47              -6.05582e-05      -1.14150e-03       0.00000e+00
   48              -6.05582e-05      -1.08094e-03       0.00000e+00
   49              -6.05581e-05      -1.02039e-03       0.00000e+00
   50              -6.05581e-05      -9.59828e-04       0.00000e+00
   51              -6.05580e-05      -8.99270e-04       0.00000e+00
   52              -6.05575e-05      -8.38712e-04       0.00000e+00
   53              -6.05562e-05      -7.78154e-04       0.00000e+00
   54              -6.05520e-05      -7.17596e-04       0.00000e+00
   55              -6.05389e-05      -6.57037e-04       0.00000e+00
   56              -6.04983e-05      -5.96478e-04       0.00000e+00
   57              -6.03720e-05      -5.35918e-04       0.00000e+00
   58              -5.99799e-05      -4.75355e-04       0.00000e+00
   59              -5.87689e-05      -4.14804e-04       0.00000e+00
   60              -5.50819e-05      -3.54442e-04       0.00000e+00
   61              -4.43133e-05      -2.96011e-04       0.00000e+00
   62              -1.71801e-05      -2.56122e-04       0.00000e+00
   63               0.00000e+00      -4.19944e-04       0.00000e+00

 S T R E S S  C A L C U L A T I O N S  F O R  E L E M E N T  G R O U P    1

  ELEMENT            STRESS
  NUMBER
    1          -6.89389e-11      -1.87272e-10       1.17953e-10
    2           4.37963e-11      -1.17954e-10       6.89388e-11
    3          -2.87720e-10      -5.86137e-10       3.88476e-10
    4           2.77799e-10      -8.32507e-11       1.00828e-10
    5          -9.40669e-10      -1.83688e-09       1.19902e-09
    6           9.18038e-10      -2.24409e-10       2.64474e-10
    7          -2.94536e-09      -5.72386e-09       3.72776e-09
    8           2.87611e-09      -6.91850e-10       8.05668e-10
    9          -9.17550e-09      -1.78219e-08       1.16038e-08
   10           8.96012e-09      -2.15221e-09       2.50239e-09
   11          -2.85681e-08      -5.54859e-08       3.61258e-08
   12           2.78976e-08      -6.70001e-09       7.78880e-09
   13          -8.89423e-08      -1.72745e-07       1.12471e-07
   14           8.68548e-08      -2.08590e-08       2.42484e-08
   15          -2.76906e-07      -5.37803e-07       3.50156e-07
   16           2.70406e-07      -6.49402e-08       7.54931e-08
   17          -8.62098e-07      -1.67429e-06       1.09013e-06
   18           8.41857e-07      -2.02174e-07       2.35036e-07
   19          -2.68399e-06      -5.21211e-06       3.39381e-06
   20           2.62093e-06      -6.29385e-07       7.31755e-07
   21          -8.35609e-06      -1.62227e-05       1.05650e-05
   22           8.15943e-06      -1.95908e-06       2.27830e-06
   23          -2.60151e-05      -5.04711e-05       3.28836e-05
   24           2.54000e-05      -6.09592e-06       7.09398e-06
   25          -8.09922e-05      -1.56835e-04       1.02305e-04
   26           7.90531e-05      -1.89506e-05       2.20935e-05
   27          -2.52146e-04      -4.85781e-04       3.17905e-04
   28           2.45907e-04      -5.87650e-05       6.88481e-05
   29          -7.84930e-04      -1.49149e-03       9.84677e-04
   30           7.63819e-04      -1.80991e-04       2.14880e-04
   31          -2.44296e-03      -4.46938e-03       3.02327e-03
   32           2.36303e-03      -5.47102e-04       6.73350e-04
   33          -7.59561e-03      -1.24926e-02       9.06113e-03
   34           7.22672e-03      -1.56848e-03       2.12939e-03
   35          -2.34521e-02      -2.81694e-02       2.53873e-02
   36           2.12680e-02      -3.83356e-03       6.79536e-03
   37          -6.78949e-02      -3.55345e-02       5.92388e-02
   38           5.15052e-02      -5.68216e-03       1.90555e-02
   39          -5.91620e-02      -8.59860e-01       1.40140e-01
   40          -1.00669e-01      -4.53667e-02      -6.79718e-02
   41           8.68464e-11       2.55462e-11      -1.25189e-10
   42          -6.17036e-11      -6.17044e-11      -6.17036e-11
   43           3.29285e-10       8.83689e-11      -3.56832e-10
   44          -3.19364e-10      -9.63167e-11      -1.32472e-10
   45           1.06651e-09       2.70497e-10      -1.09581e-09
   46          -1.04388e-09      -3.23580e-10      -3.67684e-10
   47           3.33544e-09       8.39250e-10      -3.40693e-09
   48          -3.26619e-09      -1.02931e-09      -1.12650e-09
   49           1.03893e-08       2.61174e-09      -1.06054e-08
   50          -1.01739e-08      -3.21356e-09      -3.50080e-09
   51           3.23469e-08       8.13082e-09      -3.30176e-08
   52          -3.16763e-08      -1.00080e-08      -1.08970e-08
   53           1.00707e-07       2.53139e-08      -1.02794e-07
   54          -9.86191e-08      -3.11590e-08      -3.39252e-08
   55           3.13532e-07       7.88117e-08      -3.20030e-07
   56          -3.07032e-07      -9.70077e-08      -1.05619e-07
   57           9.76123e-07       2.45379e-07      -9.96349e-07
   58          -9.55882e-07      -3.02012e-07      -3.28820e-07
   59           3.03896e-06       7.64046e-07      -3.10190e-06
   60          -2.97590e-06      -9.40228e-07      -1.02367e-06
   61           9.46103e-06       2.37959e-06      -9.65672e-06
   62          -9.26438e-06      -2.92695e-06      -3.18658e-06
   63           2.94534e-05       7.41568e-06      -3.00604e-05
   64          -2.88383e-05      -9.11022e-06      -9.91721e-06
   65           9.16828e-05       2.31483e-05      -9.35538e-05
   66          -8.97437e-05      -2.83435e-05      -3.08450e-05
   67           2.85311e-04       7.25798e-05      -2.90978e-04
   68          -2.79072e-04      -8.80782e-05      -9.57749e-05
   69           8.87196e-04       2.30268e-04      -9.03523e-04
   70          -8.66085e-04      -2.72839e-04      -2.96034e-04
   71           2.75317e-03       7.53361e-04      -2.79299e-03
   72          -2.67324e-03      -8.37862e-04      -9.03628e-04
   73           8.49615e-03       2.66294e-03      -8.52949e-03
   74          -8.12726e-03      -2.51077e-03      -2.66103e-03
   75           2.58137e-02       1.13190e-02      -2.52098e-02
   76          -2.36296e-02      -6.97479e-03      -6.97288e-03
   77           7.48447e-02       7.21163e-02      -6.86788e-02
   78          -5.84550e-02      -1.39617e-02      -9.61557e-03
   79           1.81217e-01       8.94252e-01      -1.77916e-01
   80          -2.13860e-02       4.32470e-02       1.05748e-01


 S O L U T I O N   T I M E   L O G   I N   S E C 

     TIME FOR INPUT PHASE = 1.23000e-01
     TIME FOR CALCULATION OF STIFFNESS MATRIX = 1.00000e-03
     TIME FOR FACTORIZATION AND LOAD CASE SOLUTIONS = 9.90000e-02

     T O T A L   S O L U T I O N   T I M E = 2.23000e-01

