TITLE : Error_test_1_T3
        (16:29:13 on June 16, 2024, Sunday)

C O N T R O L   I N F O R M A T I O N

      NUMBER OF NODAL POINTS . . . . . . . . . . (NUMNP)  =    22
      NUMBER OF ELEMENT GROUPS . . . . . . . . . (NUMEG)  =     1
      NUMBER OF LOAD CASES . . . . . . . . . . . (NLCASE) =     1
      SOLUTION MODE  . . . . . . . . . . . . . . (MODEX)  =     1
         EQ.0, DATA CHECK
         EQ.1, EXECUTION

 N O D A L   P O I N T   D A T A

    NODE       BOUNDARY                         NODAL POINT
   NUMBER  CONDITION  CODES                     COORDINATES
        1    0    0    1       1.00000e+00    3.50000e-01    0.00000e+00
        2    0    0    1       0.00000e+00    3.50000e-01    0.00000e+00
        3    0    0    1      -1.00000e+00    3.50000e-01    0.00000e+00
        4    0    0    1      -2.00000e+00    3.50000e-01    0.00000e+00
        5    0    0    1      -3.00000e+00    3.50000e-01    0.00000e+00
        6    0    0    1      -4.00000e+00    3.50000e-01    0.00000e+00
        7    0    0    1      -5.00000e+00    3.50000e-01    0.00000e+00
        8    0    0    1      -6.00000e+00    3.50000e-01    0.00000e+00
        9    0    0    1      -7.00000e+00    3.50000e-01    0.00000e+00
       10    0    0    1      -8.00000e+00    3.50000e-01    0.00000e+00
       11    1    1    1      -9.00000e+00    3.50000e-01    0.00000e+00
       12    0    0    1       1.00000e+00   -6.50000e-01    0.00000e+00
       13    0    0    1       0.00000e+00   -6.50000e-01    0.00000e+00
       14    0    0    1      -1.00000e+00   -6.50000e-01    0.00000e+00
       15    0    0    1      -2.00000e+00   -6.50000e-01    0.00000e+00
       16    0    0    1      -3.00000e+00   -6.50000e-01    0.00000e+00
       17    0    0    1      -4.00000e+00   -6.50000e-01    0.00000e+00
       18    0    0    1      -5.00000e+00   -6.50000e-01    0.00000e+00
       19    0    0    1      -6.00000e+00   -6.50000e-01    0.00000e+00
       20    0    0    1      -7.00000e+00   -6.50000e-01    0.00000e+00
       21    0    0    1      -8.00000e+00   -6.50000e-01    0.00000e+00
       22    1    0    1      -9.00000e+00   -6.50000e-01    0.00000e+00

 L O A D   C A S E   D A T A

     LOAD CASE NUMBER . . . . . . . =     1
     NUMBER OF CONCENTRATED LOADS . =     0
     NUMBER OF NATURAL BC . =     1

    NODE          DIRECTION         LOAD            ELEMENT
   NUMBER                         MAGNITUDE         NUMBER
   1    12      2       -1.00000e+00 -1.00000e+00        2

 E L E M E N T   G R O U P   D A T A


 E L E M E N T   D E F I N I T I O N

 ELEMENT TYPE  . . . . . . . . . . . . .( NPAR(1) ) . . =    3
     EQ.1, TRUSS ELEMENTS
     EQ.2, Q4 ELEMENTS
     EQ.3, T3 ELEMENTS
     EQ.4, H8 ELEMENTS
     EQ.4, Tet4 ELEMENTS

 NUMBER OF ELEMENTS. . . . . . . . . . .( NPAR(2) ) . . =   20

 M A T E R I A L   D E F I N I T I O N

 NUMBER OF DIFFERENT SETS OF MATERIAL
 AND CROSS-SECTIONAL  CONSTANTS  . . . .( NPAR(3) ) . . =    1

  SET       YOUNG'S         POISSON          THICK            PLANE
 NUMBER     MODULUS          RATIO           -NESS           STRESS
               E               MU              T              FLAG
    1     1.00000e+03     3.00000e-01     1.00000e+00           0


 E L E M E N T   I N F O R M A T I O N
 ELEMENT     NODE     NODE     NODE       MATERIAL
 NUMBER-N      A        B        C        SET NUMBER
    1          1        2       13           1
    2         13       12        1           1
    3          2        3       14           1
    4         14       13        2           1
    5          3        4       15           1
    6         15       14        3           1
    7          4        5       16           1
    8         16       15        4           1
    9          5        6       17           1
   10         17       16        5           1
   11          6        7       18           1
   12         18       17        6           1
   13          7        8       19           1
   14         19       18        7           1
   15          8        9       20           1
   16         20       19        8           1
   17          9       10       21           1
   18         21       20        9           1
   19         10       11       22           1
   20         22       21       10           1

 EQUATION NUMBERS

   NODE NUMBER   DEGREES OF FREEDOM
        N           X    Y    Z
        1           1    2    0
        2           3    4    0
        3           5    6    0
        4           7    8    0
        5           9   10    0
        6          11   12    0
        7          13   14    0
        8          15   16    0
        9          17   18    0
       10          19   20    0
       11           0    0    0
       12          21   22    0
       13          23   24    0
       14          25   26    0
       15          27   28    0
       16          29   30    0
       17          31   32    0
       18          33   34    0
       19          35   36    0
       20          37   38    0
       21          39   40    0
       22           0   41    0

	TOTAL SYSTEM DATA

     NUMBER OF EQUATIONS . . . . . . . . . . . . . .(NEQ) = 41
     NUMBER OF MATRIX ELEMENTS . . . . . . . . . . .(NWK) = 555
     MAXIMUM HALF BANDWIDTH  . . . . . . . . . . . .(MK ) = 24
     MEAN HALF BANDWIDTH . . . . . . . . . . . . . .(MM ) = 13


 LOAD CASE    1


 D I S P L A C E M E N T S

  NODE           X-DISPLACEMENT    Y-DISPLACEMENT    Z-DISPLACEMENT
    1               6.92035e-02      -9.55321e-01       0.00000e+00
    2               6.86739e-02      -8.14688e-01       0.00000e+00
    3               6.67961e-02      -6.76752e-01       0.00000e+00
    4               6.35702e-02      -5.44208e-01       0.00000e+00
    5               5.89961e-02      -4.19752e-01       0.00000e+00
    6               5.30739e-02      -3.06082e-01       0.00000e+00
    7               4.58035e-02      -2.05894e-01       0.00000e+00
    8               3.71849e-02      -1.21883e-01       0.00000e+00
    9               2.72149e-02      -5.67530e-02       0.00000e+00
   10               1.57977e-02      -1.33801e-02       0.00000e+00
   11               0.00000e+00       0.00000e+00       0.00000e+00
   12              -6.95035e-02      -9.55803e-01       0.00000e+00
   13              -6.86850e-02      -8.15170e-01       0.00000e+00
   14              -6.65183e-02      -6.77233e-01       0.00000e+00
   15              -6.30035e-02      -5.44689e-01       0.00000e+00
   16              -5.81405e-02      -4.20234e-01       0.00000e+00
   17              -5.19294e-02      -3.06564e-01       0.00000e+00
   18              -4.43702e-02      -2.06375e-01       0.00000e+00
   19              -3.54627e-02      -1.22365e-01       0.00000e+00
   20              -2.52065e-02      -5.72259e-02       0.00000e+00
   21              -1.35822e-02      -1.35975e-02       0.00000e+00
   22               0.00000e+00       7.60232e-03       0.00000e+00

 S T R E S S  C A L C U L A T I O N S  F O R  E L E M E N T  G R O U P    1

  ELEMENT            STRESS
  NUMBER
    1           7.40741e-01       7.03704e-01      -1.25926e+00
    2          -7.40741e-01       2.59259e-01      -7.40741e-01
    3           2.22222e+00       1.14815e+00      -1.77778e+00
    4          -2.22222e+00      -1.85185e-01      -2.22222e-01
    5           3.70370e+00       1.59259e+00      -2.29630e+00
    6          -3.70370e+00      -6.29630e-01       2.96296e-01
    7           5.18519e+00       2.03704e+00      -2.81481e+00
    8          -5.18519e+00      -1.07407e+00       8.14815e-01
    9           6.66667e+00       2.48148e+00      -3.33333e+00
   10          -6.66667e+00      -1.51852e+00       1.33333e+00
   11           8.14815e+00       2.92592e+00      -3.85185e+00
   12          -8.14815e+00      -1.96296e+00       1.85185e+00
   13           9.62966e+00       3.37010e+00      -4.37034e+00
   14          -9.62966e+00      -2.40742e+00       2.37034e+00
   15           1.11119e+01       3.80644e+00      -4.88806e+00
   16          -1.11119e+01      -2.85238e+00       2.88806e+00
   17           1.26181e+01       4.00290e+00      -5.38194e+00
   18          -1.26181e+01      -3.31256e+00       3.38194e+00
   19           1.48538e+01      -3.14617e+00      -5.14617e+00
   20          -1.48538e+01      -4.23867e+00       3.14617e+00


 S O L U T I O N   T I M E   L O G   I N   S E C 

     TIME FOR INPUT PHASE = 4.10000e-02
     TIME FOR CALCULATION OF STIFFNESS MATRIX = 1.00000e-03
     TIME FOR FACTORIZATION AND LOAD CASE SOLUTIONS = 3.00000e-02

     T O T A L   S O L U T I O N   T I M E = 7.20000e-02

