TITLE : T3_patch_test_C_1
        (14:35:54 on June 16, 2024, Sunday)

C O N T R O L   I N F O R M A T I O N

      NUMBER OF NODAL POINTS . . . . . . . . . . (NUMNP)  =     6
      NUMBER OF ELEMENT GROUPS . . . . . . . . . (NUMEG)  =     1
      NUMBER OF LOAD CASES . . . . . . . . . . . (NLCASE) =     1
      SOLUTION MODE  . . . . . . . . . . . . . . (MODEX)  =     1
         EQ.0, DATA CHECK
         EQ.1, EXECUTION

 N O D A L   P O I N T   D A T A

    NODE       BOUNDARY                         NODAL POINT
   NUMBER  CONDITION  CODES                     COORDINATES
        1    0    0    1       1.00000e+00    1.35000e+00    0.00000e+00
        2    0    0    1      -1.00000e+00    1.35000e+00    0.00000e+00
        3    1    1    1      -3.00000e+00    1.35000e+00    0.00000e+00
        4    0    0    1       1.00000e+00   -6.50000e-01    0.00000e+00
        5    0    0    1      -1.00000e+00   -6.50000e-01    0.00000e+00
        6    1    0    1      -3.00000e+00   -6.50000e-01    0.00000e+00

 L O A D   C A S E   D A T A

     LOAD CASE NUMBER . . . . . . . =     1
     NUMBER OF CONCENTRATED LOADS . =     0
     NUMBER OF NATURAL BC . =     1

    NODE          DIRECTION         LOAD            ELEMENT
   NUMBER                         MAGNITUDE         NUMBER
      1  4      2       -1.00000e+00 -1.00000e+00        2

 E L E M E N T   G R O U P   D A T A


 E L E M E N T   D E F I N I T I O N

 ELEMENT TYPE  . . . . . . . . . . . . .( NPAR(1) ) . . =    3
     EQ.1, TRUSS ELEMENTS
     EQ.2, Q4 ELEMENTS
     EQ.3, T3 ELEMENTS
     EQ.4, H8 ELEMENTS
     EQ.4, Tet4 ELEMENTS

 NUMBER OF ELEMENTS. . . . . . . . . . .( NPAR(2) ) . . =    4

 M A T E R I A L   D E F I N I T I O N

 NUMBER OF DIFFERENT SETS OF MATERIAL
 AND CROSS-SECTIONAL  CONSTANTS  . . . .( NPAR(3) ) . . =    1

  SET       YOUNG'S         POISSON          THICK            PLANE
 NUMBER     MODULUS          RATIO           -NESS           STRESS
               E               MU              T              FLAG
    1     1.00000e+03     3.00000e-01     1.00000e+00           0


 E L E M E N T   I N F O R M A T I O N
 ELEMENT     NODE     NODE     NODE       MATERIAL
 NUMBER-N      A        B        C        SET NUMBER
    1          1        2        5           1
    2          5        4        1           1
    3          2        3        6           1
    4          6        5        2           1

 EQUATION NUMBERS

   NODE NUMBER   DEGREES OF FREEDOM
        N           X    Y    Z
        1           1    2    0
        2           3    4    0
        3           0    0    0
        4           5    6    0
        5           7    8    0
        6           0    9    0

	TOTAL SYSTEM DATA

     NUMBER OF EQUATIONS . . . . . . . . . . . . . .(NEQ) = 9
     NUMBER OF MATRIX ELEMENTS . . . . . . . . . . .(NWK) = 43
     MAXIMUM HALF BANDWIDTH  . . . . . . . . . . . .(MK ) = 8
     MEAN HALF BANDWIDTH . . . . . . . . . . . . . .(MM ) = 4


 LOAD CASE    1


 D I S P L A C E M E N T S

  NODE           X-DISPLACEMENT    Y-DISPLACEMENT    Z-DISPLACEMENT
    1               5.50932e-03      -2.42406e-02       0.00000e+00
    2               4.42824e-03      -8.80940e-03       0.00000e+00
    3               0.00000e+00       0.00000e+00       0.00000e+00
    4              -6.10932e-03      -2.51999e-02       0.00000e+00
    5              -4.46858e-03      -9.71565e-03       0.00000e+00
    6               0.00000e+00       7.71763e-04       0.00000e+00

 S T R E S S  C A L C U L A T I O N S  F O R  E L E M E N T  G R O U P    1

  ELEMENT            STRESS
  NUMBER
    1           7.43384e-01       6.76140e-01      -1.25662e+00
    2          -7.43384e-01       2.56616e-01      -7.43384e-01
    3           2.30588e+00       3.05884e-01      -1.69412e+00
    4          -2.30588e+00      -2.38640e-01      -3.05884e-01


 S O L U T I O N   T I M E   L O G   I N   S E C 

     TIME FOR INPUT PHASE = 2.00000e-02
     TIME FOR CALCULATION OF STIFFNESS MATRIX = 0.00000e+00
     TIME FOR FACTORIZATION AND LOAD CASE SOLUTIONS = 7.00000e-03

     T O T A L   S O L U T I O N   T I M E = 2.70000e-02

