TITLE : An_Triangle_Body_Test
        (16:48:44 on June 15, 2024, Saturday)

C O N T R O L   I N F O R M A T I O N

      NUMBER OF NODAL POINTS . . . . . . . . . . (NUMNP)  =     6
      NUMBER OF ELEMENT GROUPS . . . . . . . . . (NUMEG)  =     1
      NUMBER OF LOAD CASES . . . . . . . . . . . (NLCASE) =     1
      SOLUTION MODE  . . . . . . . . . . . . . . (MODEX)  =     1
         EQ.0, DATA CHECK
         EQ.1, EXECUTION

 N O D A L   P O I N T   D A T A

    NODE       BOUNDARY                         NODAL POINT
   NUMBER  CONDITION  CODES                     COORDINATES
        1    1    0    1       0.00000e+00    0.00000e+00    0.00000e+00
        2    0    0    1       2.00000e+00    0.00000e+00    0.00000e+00
        3    0    0    1       4.00000e+00    0.00000e+00    0.00000e+00
        4    0    0    1       4.00000e+00    2.00000e+00    0.00000e+00
        5    0    0    1       2.00000e+00    2.00000e+00    0.00000e+00
        6    1    1    1       0.00000e+00    2.00000e+00    0.00000e+00

 L O A D   C A S E   D A T A

     LOAD CASE NUMBER . . . . . . . =     1
     NUMBER OF CONCENTRATED LOADS . =     0
     NUMBER OF NATURAL BC . =     1

    NODE          DIRECTION         LOAD            ELEMENT
   NUMBER                         MAGNITUDE         NUMBER
      3  4      1        1.00000e+01  1.00000e+01        4

 E L E M E N T   G R O U P   D A T A


 E L E M E N T   D E F I N I T I O N

 ELEMENT TYPE  . . . . . . . . . . . . .( NPAR(1) ) . . =    3
     EQ.1, TRUSS ELEMENTS
     EQ.2, Q4 ELEMENTS
     EQ.3, T3 ELEMENTS
     EQ.4, H8 ELEMENTS
     EQ.4, Tet4 ELEMENTS

 NUMBER OF ELEMENTS. . . . . . . . . . .( NPAR(2) ) . . =    4

 M A T E R I A L   D E F I N I T I O N

 NUMBER OF DIFFERENT SETS OF MATERIAL
 AND CROSS-SECTIONAL  CONSTANTS  . . . .( NPAR(3) ) . . =    1

  SET       YOUNG'S         POISSON          THICK            PLANE
 NUMBER     MODULUS          RATIO           -NESS           STRESS
               E               MU              T              FLAG
    1     1.00000e+03     3.00000e-01     1.00000e+00           0


 E L E M E N T   I N F O R M A T I O N
 ELEMENT     NODE     NODE     NODE       MATERIAL
 NUMBER-N      A        B        C        SET NUMBER
    1          1        5        6           1
    2          1        2        5           1
    3          2        4        5           1
    4          2        3        4           1

 EQUATION NUMBERS

   NODE NUMBER   DEGREES OF FREEDOM
        N           X    Y    Z
        1           0    1    0
        2           2    3    0
        3           4    5    0
        4           6    7    0
        5           8    9    0
        6           0    0    0

	TOTAL SYSTEM DATA

     NUMBER OF EQUATIONS . . . . . . . . . . . . . .(NEQ) = 9
     NUMBER OF MATRIX ELEMENTS . . . . . . . . . . .(NWK) = 41
     MAXIMUM HALF BANDWIDTH  . . . . . . . . . . . .(MK ) = 9
     MEAN HALF BANDWIDTH . . . . . . . . . . . . . .(MM ) = 4


 LOAD CASE    1


 D I S P L A C E M E N T S

  NODE           X-DISPLACEMENT    Y-DISPLACEMENT    Z-DISPLACEMENT
    1               0.00000e+00       3.93910e-03       0.00000e+00
    2               1.47075e-02       5.02619e-03       0.00000e+00
    3               3.33133e-02       7.42654e-03       0.00000e+00
    4               3.06867e-02       1.76565e-03       0.00000e+00
    5               1.33942e-02       2.26187e-04       0.00000e+00
    6               0.00000e+00       0.00000e+00       0.00000e+00

 S T R E S S  C A L C U L A T I O N S  F O R  E L E M E N T  G R O U P    1

  ELEMENT            STRESS
  NUMBER
    1           6.71016e+00       4.34976e-02       4.34976e-02
    2           7.28984e+00      -2.13049e-01      -4.34976e-02
    3           8.71016e+00       2.13049e-01       4.34976e-02
    4           9.28984e+00      -4.34976e-02      -4.34976e-02


 S O L U T I O N   T I M E   L O G   I N   S E C 

     TIME FOR INPUT PHASE = 1.70000e-02
     TIME FOR CALCULATION OF STIFFNESS MATRIX = 0.00000e+00
     TIME FOR FACTORIZATION AND LOAD CASE SOLUTIONS = 1.50000e-02

     T O T A L   S O L U T I O N   T I M E = 3.20000e-02

